mode: set
/Users/johnnyl/project/txscript/scriptbuilder.go:26.47,28.2 1 1
/Users/johnnyl/project/txscript/scriptbuilder.go:58.59,59.18 1 1
/Users/johnnyl/project/txscript/scriptbuilder.go:65.2,65.37 1 1
/Users/johnnyl/project/txscript/scriptbuilder.go:72.2,73.10 2 1
/Users/johnnyl/project/txscript/scriptbuilder.go:59.18,61.3 1 1
/Users/johnnyl/project/txscript/scriptbuilder.go:65.37,70.3 3 1
/Users/johnnyl/project/txscript/scriptbuilder.go:79.63,80.18 1 1
/Users/johnnyl/project/txscript/scriptbuilder.go:86.2,86.48 1 1
/Users/johnnyl/project/txscript/scriptbuilder.go:93.2,94.10 2 1
/Users/johnnyl/project/txscript/scriptbuilder.go:80.18,82.3 1 0
/Users/johnnyl/project/txscript/scriptbuilder.go:86.48,91.3 3 0
/Users/johnnyl/project/txscript/scriptbuilder.go:99.41,105.18 2 1
/Users/johnnyl/project/txscript/scriptbuilder.go:113.2,113.28 1 1
/Users/johnnyl/project/txscript/scriptbuilder.go:121.2,121.20 1 1
/Users/johnnyl/project/txscript/scriptbuilder.go:105.18,107.3 1 1
/Users/johnnyl/project/txscript/scriptbuilder.go:107.8,107.42 1 1
/Users/johnnyl/project/txscript/scriptbuilder.go:107.42,109.3 1 1
/Users/johnnyl/project/txscript/scriptbuilder.go:109.8,109.44 1 1
/Users/johnnyl/project/txscript/scriptbuilder.go:109.44,111.3 1 1
/Users/johnnyl/project/txscript/scriptbuilder.go:113.28,115.3 1 1
/Users/johnnyl/project/txscript/scriptbuilder.go:115.8,115.28 1 1
/Users/johnnyl/project/txscript/scriptbuilder.go:115.28,117.3 1 1
/Users/johnnyl/project/txscript/scriptbuilder.go:117.8,117.30 1 1
/Users/johnnyl/project/txscript/scriptbuilder.go:117.30,119.3 1 1
/Users/johnnyl/project/txscript/scriptbuilder.go:128.61,134.50 2 1
/Users/johnnyl/project/txscript/scriptbuilder.go:149.2,149.28 1 1
/Users/johnnyl/project/txscript/scriptbuilder.go:166.2,168.10 2 1
/Users/johnnyl/project/txscript/scriptbuilder.go:134.50,137.3 2 1
/Users/johnnyl/project/txscript/scriptbuilder.go:137.8,137.42 1 1
/Users/johnnyl/project/txscript/scriptbuilder.go:137.42,140.3 2 1
/Users/johnnyl/project/txscript/scriptbuilder.go:140.8,140.44 1 1
/Users/johnnyl/project/txscript/scriptbuilder.go:140.44,143.3 2 1
/Users/johnnyl/project/txscript/scriptbuilder.go:149.28,151.3 1 1
/Users/johnnyl/project/txscript/scriptbuilder.go:151.8,151.28 1 1
/Users/johnnyl/project/txscript/scriptbuilder.go:151.28,153.3 1 1
/Users/johnnyl/project/txscript/scriptbuilder.go:153.8,153.30 1 1
/Users/johnnyl/project/txscript/scriptbuilder.go:153.30,158.3 4 1
/Users/johnnyl/project/txscript/scriptbuilder.go:158.8,163.3 4 1
/Users/johnnyl/project/txscript/scriptbuilder.go:178.65,179.18 1 1
/Users/johnnyl/project/txscript/scriptbuilder.go:183.2,183.24 1 1
/Users/johnnyl/project/txscript/scriptbuilder.go:179.18,181.3 1 1
/Users/johnnyl/project/txscript/scriptbuilder.go:193.61,194.18 1 1
/Users/johnnyl/project/txscript/scriptbuilder.go:200.2,201.44 2 1
/Users/johnnyl/project/txscript/scriptbuilder.go:211.2,212.36 2 1
/Users/johnnyl/project/txscript/scriptbuilder.go:220.2,220.24 1 1
/Users/johnnyl/project/txscript/scriptbuilder.go:194.18,196.3 1 1
/Users/johnnyl/project/txscript/scriptbuilder.go:201.44,207.3 3 1
/Users/johnnyl/project/txscript/scriptbuilder.go:212.36,218.3 3 1
/Users/johnnyl/project/txscript/scriptbuilder.go:226.60,227.18 1 1
/Users/johnnyl/project/txscript/scriptbuilder.go:233.2,233.37 1 1
/Users/johnnyl/project/txscript/scriptbuilder.go:242.2,242.14 1 1
/Users/johnnyl/project/txscript/scriptbuilder.go:246.2,246.42 1 1
/Users/johnnyl/project/txscript/scriptbuilder.go:251.2,251.42 1 1
/Users/johnnyl/project/txscript/scriptbuilder.go:227.18,229.3 1 1
/Users/johnnyl/project/txscript/scriptbuilder.go:233.37,239.3 3 1
/Users/johnnyl/project/txscript/scriptbuilder.go:242.14,245.3 2 1
/Users/johnnyl/project/txscript/scriptbuilder.go:246.42,249.3 2 1
/Users/johnnyl/project/txscript/scriptbuilder.go:255.48,259.2 3 1
/Users/johnnyl/project/txscript/scriptbuilder.go:264.50,266.2 1 1
/Users/johnnyl/project/txscript/scriptbuilder.go:270.40,274.2 1 1
/Users/johnnyl/project/txscript/sigcache.go:46.45,51.2 1 1
/Users/johnnyl/project/txscript/sigcache.go:58.103,64.2 4 1
/Users/johnnyl/project/txscript/sigcache.go:73.95,77.23 3 1
/Users/johnnyl/project/txscript/sigcache.go:83.2,83.45 1 1
/Users/johnnyl/project/txscript/sigcache.go:98.2,98.51 1 1
/Users/johnnyl/project/txscript/sigcache.go:77.23,79.3 1 1
/Users/johnnyl/project/txscript/sigcache.go:83.45,93.37 1 1
/Users/johnnyl/project/txscript/sigcache.go:93.37,95.9 2 1
/Users/johnnyl/project/txscript/pkscript.go:77.55,82.16 3 1
/Users/johnnyl/project/txscript/pkscript.go:87.2,87.41 1 1
/Users/johnnyl/project/txscript/pkscript.go:91.2,94.26 3 1
/Users/johnnyl/project/txscript/pkscript.go:82.16,85.3 1 1
/Users/johnnyl/project/txscript/pkscript.go:87.41,89.3 1 1
/Users/johnnyl/project/txscript/pkscript.go:99.52,100.15 1 1
/Users/johnnyl/project/txscript/pkscript.go:102.25,103.14 1 1
/Users/johnnyl/project/txscript/pkscript.go:104.10,105.15 1 1
/Users/johnnyl/project/txscript/pkscript.go:110.39,112.2 1 1
/Users/johnnyl/project/txscript/pkscript.go:115.35,118.17 2 1
/Users/johnnyl/project/txscript/pkscript.go:140.2,140.15 1 1
/Users/johnnyl/project/txscript/pkscript.go:119.20,121.41 2 1
/Users/johnnyl/project/txscript/pkscript.go:123.29,125.50 2 1
/Users/johnnyl/project/txscript/pkscript.go:127.20,129.41 2 1
/Users/johnnyl/project/txscript/pkscript.go:131.29,133.50 2 1
/Users/johnnyl/project/txscript/pkscript.go:135.10,137.13 1 0
/Users/johnnyl/project/txscript/pkscript.go:144.82,146.16 2 0
/Users/johnnyl/project/txscript/pkscript.go:150.2,150.22 1 0
/Users/johnnyl/project/txscript/pkscript.go:146.16,148.3 1 0
/Users/johnnyl/project/txscript/pkscript.go:154.35,157.2 2 0
/Users/johnnyl/project/txscript/pkscript.go:163.82,164.9 1 1
/Users/johnnyl/project/txscript/pkscript.go:165.26,166.46 1 1
/Users/johnnyl/project/txscript/pkscript.go:167.24,168.41 1 1
/Users/johnnyl/project/txscript/pkscript.go:169.10,170.46 1 1
/Users/johnnyl/project/txscript/pkscript.go:176.68,177.9 1 1
/Users/johnnyl/project/txscript/pkscript.go:180.36,181.46 1 1
/Users/johnnyl/project/txscript/pkscript.go:187.47,193.39 2 1
/Users/johnnyl/project/txscript/pkscript.go:205.3,205.14 1 0
/Users/johnnyl/project/txscript/pkscript.go:210.10,215.17 2 1
/Users/johnnyl/project/txscript/pkscript.go:218.3,222.17 4 1
/Users/johnnyl/project/txscript/pkscript.go:226.3,228.23 3 1
/Users/johnnyl/project/txscript/pkscript.go:193.39,196.18 3 1
/Users/johnnyl/project/txscript/pkscript.go:200.4,202.24 3 1
/Users/johnnyl/project/txscript/pkscript.go:196.18,198.5 1 0
/Users/johnnyl/project/txscript/pkscript.go:215.17,217.4 1 0
/Users/johnnyl/project/txscript/pkscript.go:222.17,224.4 1 0
/Users/johnnyl/project/txscript/pkscript.go:234.71,240.9 3 1
/Users/johnnyl/project/txscript/pkscript.go:265.2,265.22 1 1
/Users/johnnyl/project/txscript/pkscript.go:243.72,246.17 3 1
/Users/johnnyl/project/txscript/pkscript.go:250.3,251.35 2 1
/Users/johnnyl/project/txscript/pkscript.go:254.10,257.17 3 1
/Users/johnnyl/project/txscript/pkscript.go:261.3,262.35 2 1
/Users/johnnyl/project/txscript/pkscript.go:246.17,248.4 1 0
/Users/johnnyl/project/txscript/pkscript.go:257.17,259.4 1 0
/Users/johnnyl/project/txscript/pkscript.go:269.34,272.2 2 1
/Users/johnnyl/project/txscript/pkscript.go:275.37,279.2 3 1
/Users/johnnyl/project/txscript/script.go:47.34,48.65 1 1
/Users/johnnyl/project/txscript/script.go:51.2,51.14 1 1
/Users/johnnyl/project/txscript/script.go:48.65,50.3 1 1
/Users/johnnyl/project/txscript/script.go:56.45,61.2 1 1
/Users/johnnyl/project/txscript/script.go:65.44,67.16 2 1
/Users/johnnyl/project/txscript/script.go:70.2,70.27 1 1
/Users/johnnyl/project/txscript/script.go:67.16,69.3 1 1
/Users/johnnyl/project/txscript/script.go:75.52,79.2 1 1
/Users/johnnyl/project/txscript/script.go:83.51,85.16 2 1
/Users/johnnyl/project/txscript/script.go:88.2,88.34 1 1
/Users/johnnyl/project/txscript/script.go:85.16,87.3 1 1
/Users/johnnyl/project/txscript/script.go:93.51,95.16 2 1
/Users/johnnyl/project/txscript/script.go:98.2,98.34 1 1
/Users/johnnyl/project/txscript/script.go:95.16,97.3 1 1
/Users/johnnyl/project/txscript/script.go:103.52,107.2 1 1
/Users/johnnyl/project/txscript/script.go:113.43,118.41 1 1
/Users/johnnyl/project/txscript/script.go:122.2,123.16 2 1
/Users/johnnyl/project/txscript/script.go:127.2,127.31 1 1
/Users/johnnyl/project/txscript/script.go:118.41,120.3 1 0
/Users/johnnyl/project/txscript/script.go:123.16,125.3 1 0
/Users/johnnyl/project/txscript/script.go:136.49,141.2 1 1
/Users/johnnyl/project/txscript/script.go:145.68,147.16 2 1
/Users/johnnyl/project/txscript/script.go:154.2,154.29 1 1
/Users/johnnyl/project/txscript/script.go:159.2,162.44 3 1
/Users/johnnyl/project/txscript/script.go:147.16,149.3 1 0
/Users/johnnyl/project/txscript/script.go:154.29,157.3 1 0
/Users/johnnyl/project/txscript/script.go:166.43,171.27 1 1
/Users/johnnyl/project/txscript/script.go:180.2,180.13 1 1
/Users/johnnyl/project/txscript/script.go:171.27,176.31 1 1
/Users/johnnyl/project/txscript/script.go:176.31,178.4 1 1
/Users/johnnyl/project/txscript/script.go:186.43,188.16 2 1
/Users/johnnyl/project/txscript/script.go:191.2,191.25 1 1
/Users/johnnyl/project/txscript/script.go:188.16,190.3 1 1
/Users/johnnyl/project/txscript/script.go:197.87,199.31 2 1
/Users/johnnyl/project/txscript/script.go:278.2,278.23 1 1
/Users/johnnyl/project/txscript/script.go:199.31,205.10 4 1
/Users/johnnyl/project/txscript/script.go:275.3,275.37 1 1
/Users/johnnyl/project/txscript/script.go:209.23,210.7 1 1
/Users/johnnyl/project/txscript/script.go:213.22,214.35 1 1
/Users/johnnyl/project/txscript/script.go:223.4,224.18 2 1
/Users/johnnyl/project/txscript/script.go:227.22,231.38 3 1
/Users/johnnyl/project/txscript/script.go:240.4,240.21 1 1
/Users/johnnyl/project/txscript/script.go:259.4,263.48 2 1
/Users/johnnyl/project/txscript/script.go:271.4,272.31 2 1
/Users/johnnyl/project/txscript/script.go:214.35,220.5 2 1
/Users/johnnyl/project/txscript/script.go:231.38,237.5 2 1
/Users/johnnyl/project/txscript/script.go:241.12,242.26 1 1
/Users/johnnyl/project/txscript/script.go:243.12,245.24 1 1
/Users/johnnyl/project/txscript/script.go:246.12,250.24 1 1
/Users/johnnyl/project/txscript/script.go:251.12,255.10 2 1
/Users/johnnyl/project/txscript/script.go:263.48,269.5 2 1
/Users/johnnyl/project/txscript/script.go:283.57,285.2 1 1
/Users/johnnyl/project/txscript/script.go:289.57,291.27 2 1
/Users/johnnyl/project/txscript/script.go:298.2,298.20 1 1
/Users/johnnyl/project/txscript/script.go:291.27,293.17 2 1
/Users/johnnyl/project/txscript/script.go:296.3,296.32 1 1
/Users/johnnyl/project/txscript/script.go:293.17,295.4 1 0
/Users/johnnyl/project/txscript/script.go:306.47,309.30 3 0
/Users/johnnyl/project/txscript/script.go:313.2,313.22 1 0
/Users/johnnyl/project/txscript/script.go:316.2,316.16 1 0
/Users/johnnyl/project/txscript/script.go:319.2,319.29 1 0
/Users/johnnyl/project/txscript/script.go:309.30,312.3 2 0
/Users/johnnyl/project/txscript/script.go:313.22,315.3 1 0
/Users/johnnyl/project/txscript/script.go:316.16,318.3 1 0
/Users/johnnyl/project/txscript/script.go:324.72,326.31 2 1
/Users/johnnyl/project/txscript/script.go:331.2,331.18 1 1
/Users/johnnyl/project/txscript/script.go:326.31,327.33 1 1
/Users/johnnyl/project/txscript/script.go:327.33,329.4 1 1
/Users/johnnyl/project/txscript/script.go:337.43,341.20 4 1
/Users/johnnyl/project/txscript/script.go:345.2,345.79 1 1
/Users/johnnyl/project/txscript/script.go:348.2,348.54 1 1
/Users/johnnyl/project/txscript/script.go:351.2,351.47 1 1
/Users/johnnyl/project/txscript/script.go:354.2,354.49 1 1
/Users/johnnyl/project/txscript/script.go:357.2,357.13 1 1
/Users/johnnyl/project/txscript/script.go:341.20,343.3 1 1
/Users/johnnyl/project/txscript/script.go:345.79,347.3 1 1
/Users/johnnyl/project/txscript/script.go:348.54,350.3 1 1
/Users/johnnyl/project/txscript/script.go:351.47,353.3 1 1
/Users/johnnyl/project/txscript/script.go:354.49,356.3 1 1
/Users/johnnyl/project/txscript/script.go:362.78,364.31 2 1
/Users/johnnyl/project/txscript/script.go:369.2,369.18 1 1
/Users/johnnyl/project/txscript/script.go:364.31,365.61 1 1
/Users/johnnyl/project/txscript/script.go:365.61,367.4 1 1
/Users/johnnyl/project/txscript/script.go:379.54,381.29 2 1
/Users/johnnyl/project/txscript/script.go:393.2,393.41 1 1
/Users/johnnyl/project/txscript/script.go:381.29,391.3 4 1
/Users/johnnyl/project/txscript/script.go:402.54,404.29 2 1
/Users/johnnyl/project/txscript/script.go:410.2,410.41 1 1
/Users/johnnyl/project/txscript/script.go:404.29,408.3 3 1
/Users/johnnyl/project/txscript/script.go:418.53,420.31 2 1
/Users/johnnyl/project/txscript/script.go:424.2,424.41 1 1
/Users/johnnyl/project/txscript/script.go:420.31,422.3 1 1
/Users/johnnyl/project/txscript/script.go:439.76,443.26 1 1
/Users/johnnyl/project/txscript/script.go:449.2,463.39 6 1
/Users/johnnyl/project/txscript/script.go:472.2,474.39 1 1
/Users/johnnyl/project/txscript/script.go:480.2,488.36 6 1
/Users/johnnyl/project/txscript/script.go:509.2,521.39 7 1
/Users/johnnyl/project/txscript/script.go:533.2,540.52 7 1
/Users/johnnyl/project/txscript/script.go:443.26,445.3 1 0
/Users/johnnyl/project/txscript/script.go:463.39,465.3 1 1
/Users/johnnyl/project/txscript/script.go:465.8,467.3 1 1
/Users/johnnyl/project/txscript/script.go:474.39,476.3 1 1
/Users/johnnyl/project/txscript/script.go:476.8,478.3 1 1
/Users/johnnyl/project/txscript/script.go:488.36,499.3 7 0
/Users/johnnyl/project/txscript/script.go:499.8,505.3 2 1
/Users/johnnyl/project/txscript/script.go:521.39,523.3 1 1
/Users/johnnyl/project/txscript/script.go:523.8,523.73 1 1
/Users/johnnyl/project/txscript/script.go:523.73,527.3 3 1
/Users/johnnyl/project/txscript/script.go:527.8,529.3 1 1
/Users/johnnyl/project/txscript/script.go:546.54,549.16 2 0
/Users/johnnyl/project/txscript/script.go:553.2,554.7 1 0
/Users/johnnyl/project/txscript/script.go:549.16,551.3 1 0
/Users/johnnyl/project/txscript/script.go:561.47,573.34 3 1
/Users/johnnyl/project/txscript/script.go:577.2,578.36 2 1
/Users/johnnyl/project/txscript/script.go:582.2,582.15 1 1
/Users/johnnyl/project/txscript/script.go:573.34,576.3 2 1
/Users/johnnyl/project/txscript/script.go:578.36,581.3 2 1
/Users/johnnyl/project/txscript/script.go:588.102,590.16 2 1
/Users/johnnyl/project/txscript/script.go:593.2,593.64 1 1
/Users/johnnyl/project/txscript/script.go:590.16,592.3 1 1
/Users/johnnyl/project/txscript/script.go:599.101,620.67 1 1
/Users/johnnyl/project/txscript/script.go:627.2,632.29 3 1
/Users/johnnyl/project/txscript/script.go:643.2,643.32 1 1
/Users/johnnyl/project/txscript/script.go:678.2,678.39 1 1
/Users/johnnyl/project/txscript/script.go:685.2,688.44 4 1
/Users/johnnyl/project/txscript/script.go:620.67,624.3 3 1
/Users/johnnyl/project/txscript/script.go:632.29,633.15 1 1
/Users/johnnyl/project/txscript/script.go:633.15,638.4 2 1
/Users/johnnyl/project/txscript/script.go:638.9,640.4 1 1
/Users/johnnyl/project/txscript/script.go:644.19,646.30 2 1
/Users/johnnyl/project/txscript/script.go:652.21,657.28 2 1
/Users/johnnyl/project/txscript/script.go:663.3,663.30 1 1
/Users/johnnyl/project/txscript/script.go:669.10,672.14 1 1
/Users/johnnyl/project/txscript/script.go:673.18,674.14 1 1
/Users/johnnyl/project/txscript/script.go:675.18,675.18 0 1
/Users/johnnyl/project/txscript/script.go:646.30,647.16 1 1
/Users/johnnyl/project/txscript/script.go:647.16,649.5 1 1
/Users/johnnyl/project/txscript/script.go:657.28,660.4 2 1
/Users/johnnyl/project/txscript/script.go:663.30,664.16 1 1
/Users/johnnyl/project/txscript/script.go:664.16,666.5 1 1
/Users/johnnyl/project/txscript/script.go:678.39,680.3 1 1
/Users/johnnyl/project/txscript/script.go:693.33,694.22 1 1
/Users/johnnyl/project/txscript/script.go:698.2,698.35 1 1
/Users/johnnyl/project/txscript/script.go:694.22,696.3 1 1
/Users/johnnyl/project/txscript/script.go:705.59,707.27 2 1
/Users/johnnyl/project/txscript/script.go:732.2,732.14 1 1
/Users/johnnyl/project/txscript/script.go:707.27,708.27 1 1
/Users/johnnyl/project/txscript/script.go:709.20,710.15 1 1
/Users/johnnyl/project/txscript/script.go:711.26,712.11 1 1
/Users/johnnyl/project/txscript/script.go:713.25,714.15 1 1
/Users/johnnyl/project/txscript/script.go:715.31,722.37 1 1
/Users/johnnyl/project/txscript/script.go:727.11,727.11 0 1
/Users/johnnyl/project/txscript/script.go:722.37,724.5 1 1
/Users/johnnyl/project/txscript/script.go:724.10,726.5 1 0
/Users/johnnyl/project/txscript/script.go:739.39,744.2 2 0
/Users/johnnyl/project/txscript/script.go:751.75,757.36 2 1
/Users/johnnyl/project/txscript/script.go:764.2,765.16 2 1
/Users/johnnyl/project/txscript/script.go:772.2,772.47 1 1
/Users/johnnyl/project/txscript/script.go:778.2,779.24 2 1
/Users/johnnyl/project/txscript/script.go:787.2,788.36 2 1
/Users/johnnyl/project/txscript/script.go:757.36,759.3 1 0
/Users/johnnyl/project/txscript/script.go:765.16,767.3 1 1
/Users/johnnyl/project/txscript/script.go:772.47,774.3 1 1
/Users/johnnyl/project/txscript/script.go:779.24,781.3 1 1
/Users/johnnyl/project/txscript/script.go:797.83,800.32 1 1
/Users/johnnyl/project/txscript/script.go:807.2,808.16 2 1
/Users/johnnyl/project/txscript/script.go:811.2,812.35 1 1
/Users/johnnyl/project/txscript/script.go:816.2,816.10 1 0
/Users/johnnyl/project/txscript/script.go:800.32,802.3 1 1
/Users/johnnyl/project/txscript/script.go:808.16,810.3 1 0
/Users/johnnyl/project/txscript/script.go:812.35,814.3 1 1
/Users/johnnyl/project/txscript/script.go:824.68,829.16 2 1
/Users/johnnyl/project/txscript/script.go:833.2,833.24 1 1
/Users/johnnyl/project/txscript/script.go:847.2,847.10 1 0
/Users/johnnyl/project/txscript/script.go:829.16,831.3 1 0
/Users/johnnyl/project/txscript/script.go:834.9,835.10 1 1
/Users/johnnyl/project/txscript/script.go:836.62,837.12 1 1
/Users/johnnyl/project/txscript/script.go:839.21,843.36 3 1
/Users/johnnyl/project/txscript/script.go:853.42,855.16 2 1
/Users/johnnyl/project/txscript/script.go:859.2,859.59 1 1
/Users/johnnyl/project/txscript/script.go:855.16,857.3 1 0
/Users/johnnyl/project/txscript/scriptnum.go:50.47,51.17 1 1
/Users/johnnyl/project/txscript/scriptnum.go:61.2,61.27 1 1
/Users/johnnyl/project/txscript/scriptnum.go:74.2,74.12 1 1
/Users/johnnyl/project/txscript/scriptnum.go:51.17,53.3 1 1
/Users/johnnyl/project/txscript/scriptnum.go:61.27,67.43 1 1
/Users/johnnyl/project/txscript/scriptnum.go:67.43,71.4 2 1
/Users/johnnyl/project/txscript/scriptnum.go:92.35,94.12 1 1
/Users/johnnyl/project/txscript/scriptnum.go:100.2,101.16 2 1
/Users/johnnyl/project/txscript/scriptnum.go:107.2,108.12 2 1
/Users/johnnyl/project/txscript/scriptnum.go:120.2,120.37 1 1
/Users/johnnyl/project/txscript/scriptnum.go:131.2,131.15 1 1
/Users/johnnyl/project/txscript/scriptnum.go:94.12,96.3 1 1
/Users/johnnyl/project/txscript/scriptnum.go:101.16,103.3 1 1
/Users/johnnyl/project/txscript/scriptnum.go:108.12,111.3 2 1
/Users/johnnyl/project/txscript/scriptnum.go:120.37,122.17 2 1
/Users/johnnyl/project/txscript/scriptnum.go:125.3,125.37 1 1
/Users/johnnyl/project/txscript/scriptnum.go:122.17,124.4 1 1
/Users/johnnyl/project/txscript/scriptnum.go:127.8,127.23 1 1
/Users/johnnyl/project/txscript/scriptnum.go:127.23,129.3 1 1
/Users/johnnyl/project/txscript/scriptnum.go:147.34,148.18 1 1
/Users/johnnyl/project/txscript/scriptnum.go:152.2,152.18 1 1
/Users/johnnyl/project/txscript/scriptnum.go:156.2,156.17 1 1
/Users/johnnyl/project/txscript/scriptnum.go:148.18,150.3 1 1
/Users/johnnyl/project/txscript/scriptnum.go:152.18,154.3 1 1
/Users/johnnyl/project/txscript/scriptnum.go:185.88,188.27 1 1
/Users/johnnyl/project/txscript/scriptnum.go:196.2,196.20 1 1
/Users/johnnyl/project/txscript/scriptnum.go:203.2,203.17 1 1
/Users/johnnyl/project/txscript/scriptnum.go:208.2,209.24 2 1
/Users/johnnyl/project/txscript/scriptnum.go:216.2,216.27 1 1
/Users/johnnyl/project/txscript/scriptnum.go:224.2,224.31 1 1
/Users/johnnyl/project/txscript/scriptnum.go:188.27,193.3 2 1
/Users/johnnyl/project/txscript/scriptnum.go:196.20,197.53 1 1
/Users/johnnyl/project/txscript/scriptnum.go:197.53,199.4 1 1
/Users/johnnyl/project/txscript/scriptnum.go:203.17,205.3 1 1
/Users/johnnyl/project/txscript/scriptnum.go:209.24,211.3 1 1
/Users/johnnyl/project/txscript/scriptnum.go:216.27,222.3 2 1
/Users/johnnyl/project/txscript/opcode.go:622.44,623.26 1 1
/Users/johnnyl/project/txscript/opcode.go:624.14,625.14 1 1
/Users/johnnyl/project/txscript/opcode.go:626.17,627.14 1 1
/Users/johnnyl/project/txscript/opcode.go:628.15,629.14 1 1
/Users/johnnyl/project/txscript/opcode.go:630.16,631.14 1 1
/Users/johnnyl/project/txscript/opcode.go:632.17,633.14 1 1
/Users/johnnyl/project/txscript/opcode.go:634.14,635.14 1 1
/Users/johnnyl/project/txscript/opcode.go:636.13,637.14 1 1
/Users/johnnyl/project/txscript/opcode.go:638.14,639.14 1 1
/Users/johnnyl/project/txscript/opcode.go:640.15,641.14 1 1
/Users/johnnyl/project/txscript/opcode.go:642.15,643.14 1 1
/Users/johnnyl/project/txscript/opcode.go:644.14,645.14 1 1
/Users/johnnyl/project/txscript/opcode.go:646.14,647.14 1 1
/Users/johnnyl/project/txscript/opcode.go:648.14,649.14 1 1
/Users/johnnyl/project/txscript/opcode.go:650.17,651.14 1 1
/Users/johnnyl/project/txscript/opcode.go:652.17,653.14 1 1
/Users/johnnyl/project/txscript/opcode.go:654.10,655.15 1 1
/Users/johnnyl/project/txscript/opcode.go:662.47,663.26 1 1
/Users/johnnyl/project/txscript/opcode.go:664.16,665.14 1 1
/Users/johnnyl/project/txscript/opcode.go:666.19,667.14 1 1
/Users/johnnyl/project/txscript/opcode.go:668.10,669.15 1 1
/Users/johnnyl/project/txscript/opcode.go:675.47,676.26 1 1
/Users/johnnyl/project/txscript/opcode.go:677.13,678.14 1 1
/Users/johnnyl/project/txscript/opcode.go:679.16,680.14 1 1
/Users/johnnyl/project/txscript/opcode.go:681.15,682.14 1 1
/Users/johnnyl/project/txscript/opcode.go:683.16,684.14 1 1
/Users/johnnyl/project/txscript/opcode.go:685.10,686.15 1 1
/Users/johnnyl/project/txscript/opcode.go:695.55,700.36 4 1
/Users/johnnyl/project/txscript/opcode.go:742.2,742.12 1 1
/Users/johnnyl/project/txscript/opcode.go:700.36,704.3 2 1
/Users/johnnyl/project/txscript/opcode.go:704.8,704.58 1 1
/Users/johnnyl/project/txscript/opcode.go:704.58,705.31 1 1
/Users/johnnyl/project/txscript/opcode.go:705.31,711.4 2 1
/Users/johnnyl/project/txscript/opcode.go:712.8,712.44 1 1
/Users/johnnyl/project/txscript/opcode.go:712.44,713.27 1 1
/Users/johnnyl/project/txscript/opcode.go:713.27,718.4 2 1
/Users/johnnyl/project/txscript/opcode.go:719.8,719.26 1 1
/Users/johnnyl/project/txscript/opcode.go:719.26,720.29 1 1
/Users/johnnyl/project/txscript/opcode.go:720.29,726.4 2 1
/Users/johnnyl/project/txscript/opcode.go:727.8,727.27 1 1
/Users/johnnyl/project/txscript/opcode.go:727.27,728.29 1 1
/Users/johnnyl/project/txscript/opcode.go:728.29,733.4 2 1
/Users/johnnyl/project/txscript/opcode.go:734.8,734.29 1 1
/Users/johnnyl/project/txscript/opcode.go:734.29,735.29 1 1
/Users/johnnyl/project/txscript/opcode.go:735.29,740.4 2 1
/Users/johnnyl/project/txscript/opcode.go:747.53,754.13 2 1
/Users/johnnyl/project/txscript/opcode.go:768.2,768.28 1 1
/Users/johnnyl/project/txscript/opcode.go:773.2,774.27 2 1
/Users/johnnyl/project/txscript/opcode.go:783.2,783.54 1 1
/Users/johnnyl/project/txscript/opcode.go:754.13,755.57 1 1
/Users/johnnyl/project/txscript/opcode.go:760.3,760.29 1 1
/Users/johnnyl/project/txscript/opcode.go:764.3,764.37 1 1
/Users/johnnyl/project/txscript/opcode.go:755.57,757.4 1 1
/Users/johnnyl/project/txscript/opcode.go:760.29,762.4 1 1
/Users/johnnyl/project/txscript/opcode.go:768.28,770.3 1 1
/Users/johnnyl/project/txscript/opcode.go:775.10,776.53 1 1
/Users/johnnyl/project/txscript/opcode.go:777.10,778.53 1 1
/Users/johnnyl/project/txscript/opcode.go:779.10,780.53 1 1
/Users/johnnyl/project/txscript/opcode.go:788.50,790.27 2 1
/Users/johnnyl/project/txscript/opcode.go:797.2,798.28 2 1
/Users/johnnyl/project/txscript/opcode.go:808.2,809.27 2 1
/Users/johnnyl/project/txscript/opcode.go:830.2,832.29 2 1
/Users/johnnyl/project/txscript/opcode.go:839.2,839.22 1 1
/Users/johnnyl/project/txscript/opcode.go:790.27,792.3 1 1
/Users/johnnyl/project/txscript/opcode.go:792.8,795.3 1 1
/Users/johnnyl/project/txscript/opcode.go:798.28,799.25 1 1
/Users/johnnyl/project/txscript/opcode.go:806.3,806.23 1 1
/Users/johnnyl/project/txscript/opcode.go:799.25,805.4 2 1
/Users/johnnyl/project/txscript/opcode.go:809.27,812.28 2 1
/Users/johnnyl/project/txscript/opcode.go:813.11,815.45 2 1
/Users/johnnyl/project/txscript/opcode.go:816.11,820.18 2 1
/Users/johnnyl/project/txscript/opcode.go:821.11,826.18 2 1
/Users/johnnyl/project/txscript/opcode.go:832.29,837.3 2 1
/Users/johnnyl/project/txscript/opcode.go:852.57,856.2 2 1
/Users/johnnyl/project/txscript/opcode.go:860.57,864.2 2 1
/Users/johnnyl/project/txscript/opcode.go:868.56,872.2 2 1
/Users/johnnyl/project/txscript/opcode.go:877.54,880.2 2 1
/Users/johnnyl/project/txscript/opcode.go:884.57,887.2 2 1
/Users/johnnyl/project/txscript/opcode.go:890.56,893.2 2 1
/Users/johnnyl/project/txscript/opcode.go:898.50,903.2 2 1
/Users/johnnyl/project/txscript/opcode.go:908.52,909.25 1 1
/Users/johnnyl/project/txscript/opcode.go:918.2,918.12 1 1
/Users/johnnyl/project/txscript/opcode.go:911.48,912.49 1 1
/Users/johnnyl/project/txscript/opcode.go:912.49,916.4 2 1
/Users/johnnyl/project/txscript/opcode.go:927.42,931.73 1 1
/Users/johnnyl/project/txscript/opcode.go:938.2,939.16 2 1
/Users/johnnyl/project/txscript/opcode.go:944.2,944.17 1 1
/Users/johnnyl/project/txscript/opcode.go:952.2,952.35 1 1
/Users/johnnyl/project/txscript/opcode.go:959.2,959.24 1 1
/Users/johnnyl/project/txscript/opcode.go:931.73,933.3 1 1
/Users/johnnyl/project/txscript/opcode.go:939.16,941.3 1 1
/Users/johnnyl/project/txscript/opcode.go:944.17,949.3 2 1
/Users/johnnyl/project/txscript/opcode.go:952.35,957.3 2 1
/Users/johnnyl/project/txscript/opcode.go:977.51,979.28 2 1
/Users/johnnyl/project/txscript/opcode.go:991.2,992.12 2 1
/Users/johnnyl/project/txscript/opcode.go:979.28,981.17 2 1
/Users/johnnyl/project/txscript/opcode.go:985.3,985.9 1 1
/Users/johnnyl/project/txscript/opcode.go:981.17,983.4 1 1
/Users/johnnyl/project/txscript/opcode.go:985.9,987.4 1 1
/Users/johnnyl/project/txscript/opcode.go:988.8,990.3 1 1
/Users/johnnyl/project/txscript/opcode.go:1011.54,1013.28 2 1
/Users/johnnyl/project/txscript/opcode.go:1025.2,1026.12 2 1
/Users/johnnyl/project/txscript/opcode.go:1013.28,1015.17 2 1
/Users/johnnyl/project/txscript/opcode.go:1019.3,1019.10 1 1
/Users/johnnyl/project/txscript/opcode.go:1015.17,1017.4 1 1
/Users/johnnyl/project/txscript/opcode.go:1019.10,1021.4 1 1
/Users/johnnyl/project/txscript/opcode.go:1022.8,1024.3 1 1
/Users/johnnyl/project/txscript/opcode.go:1034.53,1035.28 1 1
/Users/johnnyl/project/txscript/opcode.go:1041.2,1042.38 2 1
/Users/johnnyl/project/txscript/opcode.go:1051.2,1051.12 1 1
/Users/johnnyl/project/txscript/opcode.go:1035.28,1039.3 2 1
/Users/johnnyl/project/txscript/opcode.go:1043.18,1044.45 1 1
/Users/johnnyl/project/txscript/opcode.go:1045.19,1046.44 1 1
/Users/johnnyl/project/txscript/opcode.go:1047.18,1047.18 0 1
/Users/johnnyl/project/txscript/opcode.go:1060.54,1061.28 1 1
/Users/johnnyl/project/txscript/opcode.go:1067.2,1068.12 2 1
/Users/johnnyl/project/txscript/opcode.go:1061.28,1065.3 2 1
/Users/johnnyl/project/txscript/opcode.go:1076.70,1078.16 2 1
/Users/johnnyl/project/txscript/opcode.go:1082.2,1082.15 1 1
/Users/johnnyl/project/txscript/opcode.go:1086.2,1086.12 1 1
/Users/johnnyl/project/txscript/opcode.go:1078.16,1080.3 1 1
/Users/johnnyl/project/txscript/opcode.go:1082.15,1085.3 2 1
/Users/johnnyl/project/txscript/opcode.go:1091.55,1093.2 1 1
/Users/johnnyl/project/txscript/opcode.go:1097.55,1099.2 1 1
/Users/johnnyl/project/txscript/opcode.go:1102.66,1106.55 1 1
/Users/johnnyl/project/txscript/opcode.go:1112.2,1112.27 1 1
/Users/johnnyl/project/txscript/opcode.go:1119.2,1119.12 1 1
/Users/johnnyl/project/txscript/opcode.go:1106.55,1110.3 2 1
/Users/johnnyl/project/txscript/opcode.go:1112.27,1117.3 2 1
/Users/johnnyl/project/txscript/opcode.go:1127.68,1130.50 1 1
/Users/johnnyl/project/txscript/opcode.go:1147.2,1148.16 2 1
/Users/johnnyl/project/txscript/opcode.go:1151.2,1152.16 2 1
/Users/johnnyl/project/txscript/opcode.go:1159.2,1159.18 1 1
/Users/johnnyl/project/txscript/opcode.go:1168.2,1170.16 2 1
/Users/johnnyl/project/txscript/opcode.go:1188.2,1188.62 1 1
/Users/johnnyl/project/txscript/opcode.go:1193.2,1193.12 1 1
/Users/johnnyl/project/txscript/opcode.go:1130.50,1131.49 1 1
/Users/johnnyl/project/txscript/opcode.go:1135.3,1135.13 1 1
/Users/johnnyl/project/txscript/opcode.go:1131.49,1134.4 1 1
/Users/johnnyl/project/txscript/opcode.go:1148.16,1150.3 1 1
/Users/johnnyl/project/txscript/opcode.go:1152.16,1154.3 1 1
/Users/johnnyl/project/txscript/opcode.go:1159.18,1162.3 2 1
/Users/johnnyl/project/txscript/opcode.go:1170.16,1172.3 1 1
/Users/johnnyl/project/txscript/opcode.go:1188.62,1191.3 1 1
/Users/johnnyl/project/txscript/opcode.go:1201.68,1204.50 1 1
/Users/johnnyl/project/txscript/opcode.go:1221.2,1222.16 2 1
/Users/johnnyl/project/txscript/opcode.go:1225.2,1226.16 2 1
/Users/johnnyl/project/txscript/opcode.go:1233.2,1233.23 1 1
/Users/johnnyl/project/txscript/opcode.go:1238.2,1243.56 2 1
/Users/johnnyl/project/txscript/opcode.go:1249.2,1249.23 1 1
/Users/johnnyl/project/txscript/opcode.go:1259.2,1260.58 2 1
/Users/johnnyl/project/txscript/opcode.go:1267.2,1270.57 2 1
/Users/johnnyl/project/txscript/opcode.go:1204.50,1205.49 1 1
/Users/johnnyl/project/txscript/opcode.go:1209.3,1209.13 1 1
/Users/johnnyl/project/txscript/opcode.go:1205.49,1208.4 1 1
/Users/johnnyl/project/txscript/opcode.go:1222.16,1224.3 1 1
/Users/johnnyl/project/txscript/opcode.go:1226.16,1228.3 1 1
/Users/johnnyl/project/txscript/opcode.go:1233.23,1236.3 2 1
/Users/johnnyl/project/txscript/opcode.go:1243.56,1245.3 1 1
/Users/johnnyl/project/txscript/opcode.go:1249.23,1253.3 2 1
/Users/johnnyl/project/txscript/opcode.go:1260.58,1264.3 2 0
/Users/johnnyl/project/txscript/opcode.go:1278.59,1280.16 2 1
/Users/johnnyl/project/txscript/opcode.go:1283.2,1285.12 2 1
/Users/johnnyl/project/txscript/opcode.go:1280.16,1282.3 1 1
/Users/johnnyl/project/txscript/opcode.go:1293.61,1295.16 2 1
/Users/johnnyl/project/txscript/opcode.go:1298.2,1300.12 2 1
/Users/johnnyl/project/txscript/opcode.go:1295.16,1297.3 1 1
/Users/johnnyl/project/txscript/opcode.go:1306.54,1308.2 1 1
/Users/johnnyl/project/txscript/opcode.go:1313.53,1315.2 1 1
/Users/johnnyl/project/txscript/opcode.go:1320.53,1322.2 1 1
/Users/johnnyl/project/txscript/opcode.go:1327.54,1329.2 1 1
/Users/johnnyl/project/txscript/opcode.go:1334.53,1336.2 1 1
/Users/johnnyl/project/txscript/opcode.go:1342.54,1344.2 1 1
/Users/johnnyl/project/txscript/opcode.go:1350.54,1352.16 2 1
/Users/johnnyl/project/txscript/opcode.go:1357.2,1357.16 1 1
/Users/johnnyl/project/txscript/opcode.go:1361.2,1361.12 1 1
/Users/johnnyl/project/txscript/opcode.go:1352.16,1354.3 1 1
/Users/johnnyl/project/txscript/opcode.go:1357.16,1359.3 1 1
/Users/johnnyl/project/txscript/opcode.go:1370.54,1373.2 2 1
/Users/johnnyl/project/txscript/opcode.go:1378.53,1380.2 1 1
/Users/johnnyl/project/txscript/opcode.go:1385.52,1387.2 1 1
/Users/johnnyl/project/txscript/opcode.go:1392.52,1394.2 1 1
/Users/johnnyl/project/txscript/opcode.go:1399.53,1401.2 1 1
/Users/johnnyl/project/txscript/opcode.go:1409.53,1411.16 2 1
/Users/johnnyl/project/txscript/opcode.go:1415.2,1415.37 1 1
/Users/johnnyl/project/txscript/opcode.go:1411.16,1413.3 1 1
/Users/johnnyl/project/txscript/opcode.go:1424.53,1426.16 2 1
/Users/johnnyl/project/txscript/opcode.go:1430.2,1430.37 1 1
/Users/johnnyl/project/txscript/opcode.go:1426.16,1428.3 1 1
/Users/johnnyl/project/txscript/opcode.go:1436.52,1438.2 1 1
/Users/johnnyl/project/txscript/opcode.go:1443.53,1445.2 1 1
/Users/johnnyl/project/txscript/opcode.go:1451.53,1453.2 1 1
/Users/johnnyl/project/txscript/opcode.go:1459.53,1461.16 2 1
/Users/johnnyl/project/txscript/opcode.go:1465.2,1466.12 2 1
/Users/johnnyl/project/txscript/opcode.go:1461.16,1463.3 1 1
/Users/johnnyl/project/txscript/opcode.go:1473.54,1475.16 2 1
/Users/johnnyl/project/txscript/opcode.go:1478.2,1479.16 2 1
/Users/johnnyl/project/txscript/opcode.go:1483.2,1484.12 2 1
/Users/johnnyl/project/txscript/opcode.go:1475.16,1477.3 1 1
/Users/johnnyl/project/txscript/opcode.go:1479.16,1481.3 1 1
/Users/johnnyl/project/txscript/opcode.go:1494.60,1496.16 2 1
/Users/johnnyl/project/txscript/opcode.go:1499.2,1499.12 1 1
/Users/johnnyl/project/txscript/opcode.go:1496.16,1498.3 1 1
/Users/johnnyl/project/txscript/opcode.go:1506.53,1508.16 2 1
/Users/johnnyl/project/txscript/opcode.go:1512.2,1513.12 2 1
/Users/johnnyl/project/txscript/opcode.go:1508.16,1510.3 1 1
/Users/johnnyl/project/txscript/opcode.go:1520.53,1522.16 2 1
/Users/johnnyl/project/txscript/opcode.go:1525.2,1527.12 2 1
/Users/johnnyl/project/txscript/opcode.go:1522.16,1524.3 1 1
/Users/johnnyl/project/txscript/opcode.go:1534.55,1536.16 2 1
/Users/johnnyl/project/txscript/opcode.go:1540.2,1541.12 2 1
/Users/johnnyl/project/txscript/opcode.go:1536.16,1538.3 1 1
/Users/johnnyl/project/txscript/opcode.go:1548.52,1550.16 2 1
/Users/johnnyl/project/txscript/opcode.go:1554.2,1554.11 1 1
/Users/johnnyl/project/txscript/opcode.go:1557.2,1558.12 2 1
/Users/johnnyl/project/txscript/opcode.go:1550.16,1552.3 1 1
/Users/johnnyl/project/txscript/opcode.go:1554.11,1556.3 1 1
/Users/johnnyl/project/txscript/opcode.go:1573.52,1575.16 2 1
/Users/johnnyl/project/txscript/opcode.go:1579.2,1579.12 1 1
/Users/johnnyl/project/txscript/opcode.go:1584.2,1584.12 1 1
/Users/johnnyl/project/txscript/opcode.go:1575.16,1577.3 1 1
/Users/johnnyl/project/txscript/opcode.go:1579.12,1581.3 1 1
/Users/johnnyl/project/txscript/opcode.go:1581.8,1583.3 1 1
/Users/johnnyl/project/txscript/opcode.go:1593.58,1595.16 2 1
/Users/johnnyl/project/txscript/opcode.go:1599.2,1599.12 1 1
/Users/johnnyl/project/txscript/opcode.go:1602.2,1603.12 2 1
/Users/johnnyl/project/txscript/opcode.go:1595.16,1597.3 1 1
/Users/johnnyl/project/txscript/opcode.go:1599.12,1601.3 1 1
/Users/johnnyl/project/txscript/opcode.go:1610.52,1612.16 2 1
/Users/johnnyl/project/txscript/opcode.go:1616.2,1617.16 2 1
/Users/johnnyl/project/txscript/opcode.go:1621.2,1622.12 2 1
/Users/johnnyl/project/txscript/opcode.go:1612.16,1614.3 1 1
/Users/johnnyl/project/txscript/opcode.go:1617.16,1619.3 1 1
/Users/johnnyl/project/txscript/opcode.go:1630.52,1632.16 2 1
/Users/johnnyl/project/txscript/opcode.go:1636.2,1637.16 2 1
/Users/johnnyl/project/txscript/opcode.go:1641.2,1642.12 2 1
/Users/johnnyl/project/txscript/opcode.go:1632.16,1634.3 1 1
/Users/johnnyl/project/txscript/opcode.go:1637.16,1639.3 1 1
/Users/johnnyl/project/txscript/opcode.go:1652.56,1654.16 2 1
/Users/johnnyl/project/txscript/opcode.go:1658.2,1659.16 2 1
/Users/johnnyl/project/txscript/opcode.go:1663.2,1663.24 1 1
/Users/johnnyl/project/txscript/opcode.go:1669.2,1669.12 1 1
/Users/johnnyl/project/txscript/opcode.go:1654.16,1656.3 1 1
/Users/johnnyl/project/txscript/opcode.go:1659.16,1661.3 1 1
/Users/johnnyl/project/txscript/opcode.go:1663.24,1665.3 1 1
/Users/johnnyl/project/txscript/opcode.go:1665.8,1667.3 1 1
/Users/johnnyl/project/txscript/opcode.go:1679.55,1681.16 2 1
/Users/johnnyl/project/txscript/opcode.go:1685.2,1686.16 2 1
/Users/johnnyl/project/txscript/opcode.go:1690.2,1690.24 1 1
/Users/johnnyl/project/txscript/opcode.go:1696.2,1696.12 1 1
/Users/johnnyl/project/txscript/opcode.go:1681.16,1683.3 1 1
/Users/johnnyl/project/txscript/opcode.go:1686.16,1688.3 1 1
/Users/johnnyl/project/txscript/opcode.go:1690.24,1692.3 1 1
/Users/johnnyl/project/txscript/opcode.go:1692.8,1694.3 1 1
/Users/johnnyl/project/txscript/opcode.go:1704.57,1706.16 2 1
/Users/johnnyl/project/txscript/opcode.go:1710.2,1711.16 2 1
/Users/johnnyl/project/txscript/opcode.go:1715.2,1715.14 1 1
/Users/johnnyl/project/txscript/opcode.go:1721.2,1721.12 1 1
/Users/johnnyl/project/txscript/opcode.go:1706.16,1708.3 1 1
/Users/johnnyl/project/txscript/opcode.go:1711.16,1713.3 1 1
/Users/johnnyl/project/txscript/opcode.go:1715.14,1717.3 1 1
/Users/johnnyl/project/txscript/opcode.go:1717.8,1719.3 1 1
/Users/johnnyl/project/txscript/opcode.go:1732.63,1734.16 2 1
/Users/johnnyl/project/txscript/opcode.go:1737.2,1737.12 1 1
/Users/johnnyl/project/txscript/opcode.go:1734.16,1736.3 1 1
/Users/johnnyl/project/txscript/opcode.go:1745.60,1747.16 2 1
/Users/johnnyl/project/txscript/opcode.go:1751.2,1752.16 2 1
/Users/johnnyl/project/txscript/opcode.go:1756.2,1756.14 1 1
/Users/johnnyl/project/txscript/opcode.go:1762.2,1762.12 1 1
/Users/johnnyl/project/txscript/opcode.go:1747.16,1749.3 1 1
/Users/johnnyl/project/txscript/opcode.go:1752.16,1754.3 1 1
/Users/johnnyl/project/txscript/opcode.go:1756.14,1758.3 1 1
/Users/johnnyl/project/txscript/opcode.go:1758.8,1760.3 1 1
/Users/johnnyl/project/txscript/opcode.go:1770.57,1772.16 2 1
/Users/johnnyl/project/txscript/opcode.go:1776.2,1777.16 2 1
/Users/johnnyl/project/txscript/opcode.go:1781.2,1781.13 1 1
/Users/johnnyl/project/txscript/opcode.go:1787.2,1787.12 1 1
/Users/johnnyl/project/txscript/opcode.go:1772.16,1774.3 1 1
/Users/johnnyl/project/txscript/opcode.go:1777.16,1779.3 1 1
/Users/johnnyl/project/txscript/opcode.go:1781.13,1783.3 1 1
/Users/johnnyl/project/txscript/opcode.go:1783.8,1785.3 1 1
/Users/johnnyl/project/txscript/opcode.go:1795.60,1797.16 2 1
/Users/johnnyl/project/txscript/opcode.go:1801.2,1802.16 2 1
/Users/johnnyl/project/txscript/opcode.go:1806.2,1806.13 1 1
/Users/johnnyl/project/txscript/opcode.go:1811.2,1811.12 1 1
/Users/johnnyl/project/txscript/opcode.go:1797.16,1799.3 1 1
/Users/johnnyl/project/txscript/opcode.go:1802.16,1804.3 1 1
/Users/johnnyl/project/txscript/opcode.go:1806.13,1808.3 1 1
/Users/johnnyl/project/txscript/opcode.go:1808.8,1810.3 1 1
/Users/johnnyl/project/txscript/opcode.go:1819.64,1821.16 2 1
/Users/johnnyl/project/txscript/opcode.go:1825.2,1826.16 2 1
/Users/johnnyl/project/txscript/opcode.go:1830.2,1830.14 1 1
/Users/johnnyl/project/txscript/opcode.go:1835.2,1835.12 1 1
/Users/johnnyl/project/txscript/opcode.go:1821.16,1823.3 1 1
/Users/johnnyl/project/txscript/opcode.go:1826.16,1828.3 1 1
/Users/johnnyl/project/txscript/opcode.go:1830.14,1832.3 1 1
/Users/johnnyl/project/txscript/opcode.go:1832.8,1834.3 1 1
/Users/johnnyl/project/txscript/opcode.go:1843.67,1845.16 2 1
/Users/johnnyl/project/txscript/opcode.go:1849.2,1850.16 2 1
/Users/johnnyl/project/txscript/opcode.go:1854.2,1854.14 1 1
/Users/johnnyl/project/txscript/opcode.go:1860.2,1860.12 1 1
/Users/johnnyl/project/txscript/opcode.go:1845.16,1847.3 1 1
/Users/johnnyl/project/txscript/opcode.go:1850.16,1852.3 1 1
/Users/johnnyl/project/txscript/opcode.go:1854.14,1856.3 1 1
/Users/johnnyl/project/txscript/opcode.go:1856.8,1858.3 1 1
/Users/johnnyl/project/txscript/opcode.go:1867.52,1869.16 2 1
/Users/johnnyl/project/txscript/opcode.go:1873.2,1874.16 2 1
/Users/johnnyl/project/txscript/opcode.go:1878.2,1878.13 1 1
/Users/johnnyl/project/txscript/opcode.go:1884.2,1884.12 1 1
/Users/johnnyl/project/txscript/opcode.go:1869.16,1871.3 1 1
/Users/johnnyl/project/txscript/opcode.go:1874.16,1876.3 1 1
/Users/johnnyl/project/txscript/opcode.go:1878.13,1880.3 1 1
/Users/johnnyl/project/txscript/opcode.go:1880.8,1882.3 1 1
/Users/johnnyl/project/txscript/opcode.go:1891.52,1893.16 2 1
/Users/johnnyl/project/txscript/opcode.go:1897.2,1898.16 2 1
/Users/johnnyl/project/txscript/opcode.go:1902.2,1902.13 1 1
/Users/johnnyl/project/txscript/opcode.go:1908.2,1908.12 1 1
/Users/johnnyl/project/txscript/opcode.go:1893.16,1895.3 1 1
/Users/johnnyl/project/txscript/opcode.go:1898.16,1900.3 1 1
/Users/johnnyl/project/txscript/opcode.go:1902.13,1904.3 1 1
/Users/johnnyl/project/txscript/opcode.go:1904.8,1906.3 1 1
/Users/johnnyl/project/txscript/opcode.go:1919.55,1921.16 2 1
/Users/johnnyl/project/txscript/opcode.go:1925.2,1926.16 2 1
/Users/johnnyl/project/txscript/opcode.go:1930.2,1931.16 2 1
/Users/johnnyl/project/txscript/opcode.go:1935.2,1935.31 1 1
/Users/johnnyl/project/txscript/opcode.go:1940.2,1940.12 1 1
/Users/johnnyl/project/txscript/opcode.go:1921.16,1923.3 1 1
/Users/johnnyl/project/txscript/opcode.go:1926.16,1928.3 1 1
/Users/johnnyl/project/txscript/opcode.go:1931.16,1933.3 1 1
/Users/johnnyl/project/txscript/opcode.go:1935.31,1937.3 1 1
/Users/johnnyl/project/txscript/opcode.go:1937.8,1939.3 1 1
/Users/johnnyl/project/txscript/opcode.go:1944.52,1947.2 2 1
/Users/johnnyl/project/txscript/opcode.go:1953.58,1955.16 2 1
/Users/johnnyl/project/txscript/opcode.go:1959.2,1960.12 2 1
/Users/johnnyl/project/txscript/opcode.go:1955.16,1957.3 1 1
/Users/johnnyl/project/txscript/opcode.go:1967.53,1969.16 2 1
/Users/johnnyl/project/txscript/opcode.go:1973.2,1975.12 3 1
/Users/johnnyl/project/txscript/opcode.go:1969.16,1971.3 1 1
/Users/johnnyl/project/txscript/opcode.go:1982.55,1984.16 2 1
/Users/johnnyl/project/txscript/opcode.go:1988.2,1990.12 3 1
/Users/johnnyl/project/txscript/opcode.go:1984.16,1986.3 1 1
/Users/johnnyl/project/txscript/opcode.go:1997.56,1999.16 2 1
/Users/johnnyl/project/txscript/opcode.go:2003.2,2005.12 3 1
/Users/johnnyl/project/txscript/opcode.go:1999.16,2001.3 1 1
/Users/johnnyl/project/txscript/opcode.go:2012.56,2014.16 2 1
/Users/johnnyl/project/txscript/opcode.go:2018.2,2019.12 2 1
/Users/johnnyl/project/txscript/opcode.go:2014.16,2016.3 1 1
/Users/johnnyl/project/txscript/opcode.go:2026.62,2029.2 2 1
/Users/johnnyl/project/txscript/opcode.go:2045.57,2047.16 2 1
/Users/johnnyl/project/txscript/opcode.go:2051.2,2052.16 2 1
/Users/johnnyl/project/txscript/opcode.go:2059.2,2059.27 1 1
/Users/johnnyl/project/txscript/opcode.go:2076.2,2078.59 3 1
/Users/johnnyl/project/txscript/opcode.go:2081.2,2081.60 1 1
/Users/johnnyl/project/txscript/opcode.go:2084.2,2084.56 1 1
/Users/johnnyl/project/txscript/opcode.go:2089.2,2093.34 3 1
/Users/johnnyl/project/txscript/opcode.go:2114.2,2115.16 2 1
/Users/johnnyl/project/txscript/opcode.go:2120.2,2122.41 2 1
/Users/johnnyl/project/txscript/opcode.go:2128.2,2128.16 1 1
/Users/johnnyl/project/txscript/opcode.go:2133.2,2134.24 2 1
/Users/johnnyl/project/txscript/opcode.go:2147.2,2147.69 1 1
/Users/johnnyl/project/txscript/opcode.go:2152.2,2153.12 2 1
/Users/johnnyl/project/txscript/opcode.go:2047.16,2049.3 1 1
/Users/johnnyl/project/txscript/opcode.go:2052.16,2054.3 1 1
/Users/johnnyl/project/txscript/opcode.go:2059.27,2062.3 2 1
/Users/johnnyl/project/txscript/opcode.go:2078.59,2080.3 1 1
/Users/johnnyl/project/txscript/opcode.go:2081.60,2083.3 1 1
/Users/johnnyl/project/txscript/opcode.go:2084.56,2086.3 1 1
/Users/johnnyl/project/txscript/opcode.go:2093.34,2095.26 2 1
/Users/johnnyl/project/txscript/opcode.go:2101.3,2103.17 2 1
/Users/johnnyl/project/txscript/opcode.go:2095.26,2097.4 1 0
/Users/johnnyl/project/txscript/opcode.go:2097.9,2099.4 1 1
/Users/johnnyl/project/txscript/opcode.go:2103.17,2105.4 1 0
/Users/johnnyl/project/txscript/opcode.go:2106.8,2112.3 2 1
/Users/johnnyl/project/txscript/opcode.go:2115.16,2118.3 2 1
/Users/johnnyl/project/txscript/opcode.go:2122.41,2125.3 1 1
/Users/johnnyl/project/txscript/opcode.go:2125.8,2127.3 1 1
/Users/johnnyl/project/txscript/opcode.go:2128.16,2131.3 2 1
/Users/johnnyl/project/txscript/opcode.go:2134.24,2139.47 4 1
/Users/johnnyl/project/txscript/opcode.go:2139.47,2142.4 2 1
/Users/johnnyl/project/txscript/opcode.go:2143.8,2145.3 1 1
/Users/johnnyl/project/txscript/opcode.go:2147.69,2150.3 2 1
/Users/johnnyl/project/txscript/opcode.go:2161.63,2163.16 2 1
/Users/johnnyl/project/txscript/opcode.go:2166.2,2166.12 1 1
/Users/johnnyl/project/txscript/opcode.go:2163.16,2165.3 1 1
/Users/johnnyl/project/txscript/opcode.go:2197.62,2199.16 2 1
/Users/johnnyl/project/txscript/opcode.go:2203.2,2204.20 2 1
/Users/johnnyl/project/txscript/opcode.go:2209.2,2209.40 1 1
/Users/johnnyl/project/txscript/opcode.go:2214.2,2215.33 2 1
/Users/johnnyl/project/txscript/opcode.go:2221.2,2222.34 2 1
/Users/johnnyl/project/txscript/opcode.go:2230.2,2231.16 2 1
/Users/johnnyl/project/txscript/opcode.go:2234.2,2235.23 2 1
/Users/johnnyl/project/txscript/opcode.go:2241.2,2241.32 1 1
/Users/johnnyl/project/txscript/opcode.go:2247.2,2248.37 2 1
/Users/johnnyl/project/txscript/opcode.go:2261.2,2262.16 2 1
/Users/johnnyl/project/txscript/opcode.go:2269.2,2269.57 1 1
/Users/johnnyl/project/txscript/opcode.go:2276.2,2280.35 2 1
/Users/johnnyl/project/txscript/opcode.go:2286.2,2290.24 5 1
/Users/johnnyl/project/txscript/opcode.go:2404.2,2404.50 1 1
/Users/johnnyl/project/txscript/opcode.go:2413.2,2414.12 2 1
/Users/johnnyl/project/txscript/opcode.go:2199.16,2201.3 1 1
/Users/johnnyl/project/txscript/opcode.go:2204.20,2208.3 2 1
/Users/johnnyl/project/txscript/opcode.go:2209.40,2213.3 2 1
/Users/johnnyl/project/txscript/opcode.go:2215.33,2219.3 2 1
/Users/johnnyl/project/txscript/opcode.go:2222.34,2224.17 2 1
/Users/johnnyl/project/txscript/opcode.go:2227.3,2227.36 1 1
/Users/johnnyl/project/txscript/opcode.go:2224.17,2226.4 1 1
/Users/johnnyl/project/txscript/opcode.go:2231.16,2233.3 1 1
/Users/johnnyl/project/txscript/opcode.go:2235.23,2240.3 2 1
/Users/johnnyl/project/txscript/opcode.go:2241.32,2245.3 2 1
/Users/johnnyl/project/txscript/opcode.go:2248.37,2250.17 2 1
/Users/johnnyl/project/txscript/opcode.go:2253.3,2254.43 2 1
/Users/johnnyl/project/txscript/opcode.go:2250.17,2252.4 1 1
/Users/johnnyl/project/txscript/opcode.go:2262.16,2264.3 1 1
/Users/johnnyl/project/txscript/opcode.go:2269.57,2273.3 2 1
/Users/johnnyl/project/txscript/opcode.go:2280.35,2281.38 1 1
/Users/johnnyl/project/txscript/opcode.go:2281.38,2283.4 1 1
/Users/johnnyl/project/txscript/opcode.go:2290.24,2296.33 3 1
/Users/johnnyl/project/txscript/opcode.go:2301.3,2309.23 4 1
/Users/johnnyl/project/txscript/opcode.go:2315.3,2320.22 4 1
/Users/johnnyl/project/txscript/opcode.go:2354.3,2354.56 1 1
/Users/johnnyl/project/txscript/opcode.go:2359.3,2360.17 2 1
/Users/johnnyl/project/txscript/opcode.go:2365.3,2366.35 2 1
/Users/johnnyl/project/txscript/opcode.go:2383.3,2384.25 2 1
/Users/johnnyl/project/txscript/opcode.go:2397.3,2397.12 1 1
/Users/johnnyl/project/txscript/opcode.go:2296.33,2298.9 2 1
/Users/johnnyl/project/txscript/opcode.go:2309.23,2311.12 1 1
/Users/johnnyl/project/txscript/opcode.go:2320.22,2321.61 1 1
/Users/johnnyl/project/txscript/opcode.go:2324.4,2324.63 1 1
/Users/johnnyl/project/txscript/opcode.go:2329.4,2331.43 2 1
/Users/johnnyl/project/txscript/opcode.go:2339.4,2340.18 2 1
/Users/johnnyl/project/txscript/opcode.go:2343.4,2343.39 1 1
/Users/johnnyl/project/txscript/opcode.go:2321.61,2323.5 1 1
/Users/johnnyl/project/txscript/opcode.go:2324.63,2326.5 1 1
/Users/johnnyl/project/txscript/opcode.go:2331.43,2335.5 1 1
/Users/johnnyl/project/txscript/opcode.go:2335.10,2338.5 1 1
/Users/johnnyl/project/txscript/opcode.go:2340.18,2341.13 1 1
/Users/johnnyl/project/txscript/opcode.go:2344.9,2346.38 1 1
/Users/johnnyl/project/txscript/opcode.go:2351.4,2351.39 1 1
/Users/johnnyl/project/txscript/opcode.go:2346.38,2347.13 1 0
/Users/johnnyl/project/txscript/opcode.go:2354.56,2356.4 1 1
/Users/johnnyl/project/txscript/opcode.go:2360.17,2361.12 1 1
/Users/johnnyl/project/txscript/opcode.go:2366.35,2368.27 2 1
/Users/johnnyl/project/txscript/opcode.go:2374.4,2376.18 2 1
/Users/johnnyl/project/txscript/opcode.go:2368.27,2370.5 1 0
/Users/johnnyl/project/txscript/opcode.go:2370.10,2372.5 1 1
/Users/johnnyl/project/txscript/opcode.go:2376.18,2378.5 1 0
/Users/johnnyl/project/txscript/opcode.go:2379.9,2381.4 1 1
/Users/johnnyl/project/txscript/opcode.go:2384.25,2389.54 4 1
/Users/johnnyl/project/txscript/opcode.go:2389.54,2392.5 2 1
/Users/johnnyl/project/txscript/opcode.go:2393.9,2395.4 1 1
/Users/johnnyl/project/txscript/opcode.go:2397.12,2401.4 2 1
/Users/johnnyl/project/txscript/opcode.go:2404.50,2405.34 1 1
/Users/johnnyl/project/txscript/opcode.go:2405.34,2406.30 1 1
/Users/johnnyl/project/txscript/opcode.go:2406.30,2409.5 2 1
/Users/johnnyl/project/txscript/opcode.go:2423.68,2425.16 2 1
/Users/johnnyl/project/txscript/opcode.go:2428.2,2428.12 1 1
/Users/johnnyl/project/txscript/opcode.go:2425.16,2427.3 1 1
/Users/johnnyl/project/txscript/opcode.go:2435.13,2440.33 1 1
/Users/johnnyl/project/txscript/opcode.go:2443.2,2446.50 4 1
/Users/johnnyl/project/txscript/opcode.go:2440.33,2442.3 1 1
/Users/johnnyl/project/txscript/standard.go:79.38,80.51 1 1
/Users/johnnyl/project/txscript/standard.go:83.2,83.29 1 1
/Users/johnnyl/project/txscript/standard.go:80.51,82.3 1 1
/Users/johnnyl/project/txscript/standard.go:88.41,93.2 1 1
/Users/johnnyl/project/txscript/standard.go:97.45,105.2 1 1
/Users/johnnyl/project/txscript/standard.go:109.43,113.11 2 1
/Users/johnnyl/project/txscript/standard.go:116.2,116.33 1 1
/Users/johnnyl/project/txscript/standard.go:119.2,119.35 1 1
/Users/johnnyl/project/txscript/standard.go:122.2,122.48 1 1
/Users/johnnyl/project/txscript/standard.go:128.2,128.43 1 1
/Users/johnnyl/project/txscript/standard.go:132.2,132.36 1 1
/Users/johnnyl/project/txscript/standard.go:138.2,138.13 1 1
/Users/johnnyl/project/txscript/standard.go:113.11,115.3 1 1
/Users/johnnyl/project/txscript/standard.go:116.33,118.3 1 1
/Users/johnnyl/project/txscript/standard.go:119.35,121.3 1 1
/Users/johnnyl/project/txscript/standard.go:122.48,124.3 1 1
/Users/johnnyl/project/txscript/standard.go:128.43,130.3 1 1
/Users/johnnyl/project/txscript/standard.go:132.36,134.49 1 1
/Users/johnnyl/project/txscript/standard.go:134.49,136.4 1 1
/Users/johnnyl/project/txscript/standard.go:143.43,148.49 2 1
/Users/johnnyl/project/txscript/standard.go:152.2,156.42 1 1
/Users/johnnyl/project/txscript/standard.go:148.49,150.3 1 1
/Users/johnnyl/project/txscript/standard.go:161.52,162.20 1 1
/Users/johnnyl/project/txscript/standard.go:177.2,177.22 1 1
/Users/johnnyl/project/txscript/standard.go:162.20,164.3 1 1
/Users/johnnyl/project/txscript/standard.go:164.8,164.31 1 1
/Users/johnnyl/project/txscript/standard.go:164.31,166.3 1 1
/Users/johnnyl/project/txscript/standard.go:166.8,166.38 1 1
/Users/johnnyl/project/txscript/standard.go:166.38,168.3 1 1
/Users/johnnyl/project/txscript/standard.go:168.8,168.31 1 1
/Users/johnnyl/project/txscript/standard.go:168.31,170.3 1 1
/Users/johnnyl/project/txscript/standard.go:170.8,170.38 1 1
/Users/johnnyl/project/txscript/standard.go:170.38,172.3 1 1
/Users/johnnyl/project/txscript/standard.go:172.8,172.29 1 1
/Users/johnnyl/project/txscript/standard.go:172.29,174.3 1 1
/Users/johnnyl/project/txscript/standard.go:174.8,174.29 1 1
/Users/johnnyl/project/txscript/standard.go:174.29,176.3 1 1
/Users/johnnyl/project/txscript/standard.go:183.48,185.16 2 1
/Users/johnnyl/project/txscript/standard.go:188.2,188.27 1 1
/Users/johnnyl/project/txscript/standard.go:185.16,187.3 1 1
/Users/johnnyl/project/txscript/standard.go:196.65,197.15 1 1
/Users/johnnyl/project/txscript/standard.go:198.16,199.11 1 0
/Users/johnnyl/project/txscript/standard.go:201.20,202.11 1 1
/Users/johnnyl/project/txscript/standard.go:204.29,205.11 1 1
/Users/johnnyl/project/txscript/standard.go:207.20,209.11 1 1
/Users/johnnyl/project/txscript/standard.go:211.29,213.11 1 1
/Users/johnnyl/project/txscript/standard.go:215.18,223.40 1 1
/Users/johnnyl/project/txscript/standard.go:225.18,226.14 1 0
/Users/johnnyl/project/txscript/standard.go:227.10,228.12 1 1
/Users/johnnyl/project/txscript/standard.go:256.43,259.16 2 1
/Users/johnnyl/project/txscript/standard.go:263.2,264.16 2 1
/Users/johnnyl/project/txscript/standard.go:269.2,273.26 3 1
/Users/johnnyl/project/txscript/standard.go:278.2,280.9 2 1
/Users/johnnyl/project/txscript/standard.go:356.2,356.16 1 1
/Users/johnnyl/project/txscript/standard.go:259.16,261.3 1 1
/Users/johnnyl/project/txscript/standard.go:264.16,266.3 1 1
/Users/johnnyl/project/txscript/standard.go:273.26,276.3 1 0
/Users/johnnyl/project/txscript/standard.go:282.60,287.17 3 1
/Users/johnnyl/project/txscript/standard.go:291.3,292.21 2 1
/Users/johnnyl/project/txscript/standard.go:297.3,301.30 2 1
/Users/johnnyl/project/txscript/standard.go:305.59,308.30 2 1
/Users/johnnyl/project/txscript/standard.go:313.54,319.21 3 1
/Users/johnnyl/project/txscript/standard.go:325.3,328.31 3 1
/Users/johnnyl/project/txscript/standard.go:332.59,339.21 4 1
/Users/johnnyl/project/txscript/standard.go:345.3,346.30 2 1
/Users/johnnyl/project/txscript/standard.go:348.10,353.30 2 1
/Users/johnnyl/project/txscript/standard.go:287.17,289.4 1 0
/Users/johnnyl/project/txscript/standard.go:292.21,294.4 1 1
/Users/johnnyl/project/txscript/standard.go:294.9,296.4 1 1
/Users/johnnyl/project/txscript/standard.go:319.21,321.4 1 0
/Users/johnnyl/project/txscript/standard.go:321.9,323.4 1 1
/Users/johnnyl/project/txscript/standard.go:339.21,341.4 1 0
/Users/johnnyl/project/txscript/standard.go:341.9,343.4 1 1
/Users/johnnyl/project/txscript/standard.go:362.57,364.16 2 1
/Users/johnnyl/project/txscript/standard.go:375.2,375.19 1 1
/Users/johnnyl/project/txscript/standard.go:380.2,382.33 3 1
/Users/johnnyl/project/txscript/standard.go:364.16,366.3 1 1
/Users/johnnyl/project/txscript/standard.go:375.19,378.3 2 1
/Users/johnnyl/project/txscript/standard.go:388.63,392.2 1 1
/Users/johnnyl/project/txscript/standard.go:396.70,398.2 1 1
/Users/johnnyl/project/txscript/standard.go:402.63,405.2 1 1
/Users/johnnyl/project/txscript/standard.go:409.70,411.2 1 1
/Users/johnnyl/project/txscript/standard.go:415.65,418.2 1 1
/Users/johnnyl/project/txscript/standard.go:422.60,425.29 2 1
/Users/johnnyl/project/txscript/standard.go:461.2,463.53 2 1
/Users/johnnyl/project/txscript/standard.go:426.34,427.18 1 1
/Users/johnnyl/project/txscript/standard.go:431.3,431.53 1 1
/Users/johnnyl/project/txscript/standard.go:433.34,434.18 1 1
/Users/johnnyl/project/txscript/standard.go:438.3,438.53 1 1
/Users/johnnyl/project/txscript/standard.go:440.30,441.18 1 1
/Users/johnnyl/project/txscript/standard.go:445.3,445.49 1 1
/Users/johnnyl/project/txscript/standard.go:447.41,448.18 1 0
/Users/johnnyl/project/txscript/standard.go:452.3,452.60 1 0
/Users/johnnyl/project/txscript/standard.go:453.41,454.18 1 0
/Users/johnnyl/project/txscript/standard.go:458.3,458.60 1 0
/Users/johnnyl/project/txscript/standard.go:427.18,430.4 1 1
/Users/johnnyl/project/txscript/standard.go:434.18,437.4 1 1
/Users/johnnyl/project/txscript/standard.go:441.18,444.4 1 1
/Users/johnnyl/project/txscript/standard.go:448.18,451.4 1 0
/Users/johnnyl/project/txscript/standard.go:454.18,457.4 1 0
/Users/johnnyl/project/txscript/standard.go:469.50,470.36 1 1
/Users/johnnyl/project/txscript/standard.go:476.2,476.67 1 1
/Users/johnnyl/project/txscript/standard.go:470.36,474.3 2 1
/Users/johnnyl/project/txscript/standard.go:483.86,484.30 1 1
/Users/johnnyl/project/txscript/standard.go:491.2,492.30 2 1
/Users/johnnyl/project/txscript/standard.go:495.2,498.25 3 1
/Users/johnnyl/project/txscript/standard.go:484.30,489.3 2 1
/Users/johnnyl/project/txscript/standard.go:492.30,494.3 1 1
/Users/johnnyl/project/txscript/standard.go:503.50,505.16 2 1
/Users/johnnyl/project/txscript/standard.go:509.2,510.27 2 1
/Users/johnnyl/project/txscript/standard.go:517.2,517.18 1 1
/Users/johnnyl/project/txscript/standard.go:505.16,507.3 1 1
/Users/johnnyl/project/txscript/standard.go:510.27,511.22 1 1
/Users/johnnyl/project/txscript/standard.go:511.22,513.4 1 1
/Users/johnnyl/project/txscript/standard.go:513.9,513.38 1 1
/Users/johnnyl/project/txscript/standard.go:513.38,515.4 1 1
/Users/johnnyl/project/txscript/standard.go:524.119,531.16 4 1
/Users/johnnyl/project/txscript/standard.go:535.2,536.21 2 1
/Users/johnnyl/project/txscript/standard.go:624.2,624.46 1 1
/Users/johnnyl/project/txscript/standard.go:531.16,533.3 1 1
/Users/johnnyl/project/txscript/standard.go:537.20,545.17 3 1
/Users/johnnyl/project/txscript/standard.go:549.29,557.17 3 1
/Users/johnnyl/project/txscript/standard.go:561.16,568.17 3 1
/Users/johnnyl/project/txscript/standard.go:572.20,580.17 3 1
/Users/johnnyl/project/txscript/standard.go:584.29,592.17 3 1
/Users/johnnyl/project/txscript/standard.go:596.18,607.35 4 1
/Users/johnnyl/project/txscript/standard.go:615.18,615.18 0 0
/Users/johnnyl/project/txscript/standard.go:619.21,619.21 0 1
/Users/johnnyl/project/txscript/standard.go:545.17,547.4 1 1
/Users/johnnyl/project/txscript/standard.go:557.17,559.4 1 1
/Users/johnnyl/project/txscript/standard.go:568.17,570.4 1 1
/Users/johnnyl/project/txscript/standard.go:580.17,582.4 1 1
/Users/johnnyl/project/txscript/standard.go:592.17,594.4 1 1
/Users/johnnyl/project/txscript/standard.go:607.35,610.18 2 1
/Users/johnnyl/project/txscript/standard.go:610.18,612.5 1 1
/Users/johnnyl/project/txscript/standard.go:647.98,649.16 2 0
/Users/johnnyl/project/txscript/standard.go:653.2,653.21 1 0
/Users/johnnyl/project/txscript/standard.go:656.2,676.19 2 0
/Users/johnnyl/project/txscript/standard.go:680.2,684.25 5 0
/Users/johnnyl/project/txscript/standard.go:695.2,695.26 1 0
/Users/johnnyl/project/txscript/standard.go:706.2,706.20 1 0
/Users/johnnyl/project/txscript/standard.go:649.16,651.3 1 0
/Users/johnnyl/project/txscript/standard.go:653.21,655.3 1 0
/Users/johnnyl/project/txscript/standard.go:676.19,678.3 1 0
/Users/johnnyl/project/txscript/standard.go:684.25,686.17 2 0
/Users/johnnyl/project/txscript/standard.go:689.3,689.38 1 0
/Users/johnnyl/project/txscript/standard.go:686.17,688.4 1 0
/Users/johnnyl/project/txscript/standard.go:690.8,690.49 1 0
/Users/johnnyl/project/txscript/standard.go:690.49,692.3 1 0
/Users/johnnyl/project/txscript/standard.go:692.8,694.3 1 0
/Users/johnnyl/project/txscript/standard.go:695.26,697.17 2 0
/Users/johnnyl/project/txscript/standard.go:700.3,700.36 1 0
/Users/johnnyl/project/txscript/standard.go:697.17,699.4 1 0
/Users/johnnyl/project/txscript/standard.go:701.8,701.50 1 0
/Users/johnnyl/project/txscript/standard.go:701.50,703.3 1 0
/Users/johnnyl/project/txscript/standard.go:703.8,705.3 1 0
/Users/johnnyl/project/txscript/engine.go:142.50,144.2 1 1
/Users/johnnyl/project/txscript/engine.go:150.44,151.28 1 1
/Users/johnnyl/project/txscript/engine.go:154.2,154.56 1 1
/Users/johnnyl/project/txscript/engine.go:151.28,153.3 1 1
/Users/johnnyl/project/txscript/engine.go:160.58,162.22 1 1
/Users/johnnyl/project/txscript/engine.go:169.2,169.25 1 1
/Users/johnnyl/project/txscript/engine.go:176.2,176.30 1 1
/Users/johnnyl/project/txscript/engine.go:192.2,192.53 1 1
/Users/johnnyl/project/txscript/engine.go:198.2,199.61 1 1
/Users/johnnyl/project/txscript/engine.go:206.2,206.35 1 1
/Users/johnnyl/project/txscript/engine.go:162.22,166.3 2 1
/Users/johnnyl/project/txscript/engine.go:169.25,173.3 2 1
/Users/johnnyl/project/txscript/engine.go:176.30,178.34 2 1
/Users/johnnyl/project/txscript/engine.go:178.34,182.4 2 1
/Users/johnnyl/project/txscript/engine.go:184.8,184.49 1 1
/Users/johnnyl/project/txscript/engine.go:184.49,188.3 2 1
/Users/johnnyl/project/txscript/engine.go:192.53,194.3 1 1
/Users/johnnyl/project/txscript/engine.go:199.61,201.52 1 1
/Users/johnnyl/project/txscript/engine.go:201.52,203.4 1 1
/Users/johnnyl/project/txscript/engine.go:213.63,216.2 1 0
/Users/johnnyl/project/txscript/engine.go:220.35,221.37 1 1
/Users/johnnyl/project/txscript/engine.go:226.2,226.51 1 1
/Users/johnnyl/project/txscript/engine.go:232.2,232.12 1 1
/Users/johnnyl/project/txscript/engine.go:221.37,225.3 2 1
/Users/johnnyl/project/txscript/engine.go:226.51,231.3 2 1
/Users/johnnyl/project/txscript/engine.go:237.60,239.16 2 1
/Users/johnnyl/project/txscript/engine.go:242.2,242.40 1 0
/Users/johnnyl/project/txscript/engine.go:239.16,241.3 1 1
/Users/johnnyl/project/txscript/engine.go:248.61,250.2 1 1
/Users/johnnyl/project/txscript/engine.go:254.64,255.34 1 1
/Users/johnnyl/project/txscript/engine.go:344.2,344.34 1 1
/Users/johnnyl/project/txscript/engine.go:358.2,358.12 1 1
/Users/johnnyl/project/txscript/engine.go:255.34,256.33 1 1
/Users/johnnyl/project/txscript/engine.go:257.39,260.25 1 1
/Users/johnnyl/project/txscript/engine.go:268.4,269.18 2 1
/Users/johnnyl/project/txscript/engine.go:272.4,273.18 2 1
/Users/johnnyl/project/txscript/engine.go:280.4,281.24 2 1
/Users/johnnyl/project/txscript/engine.go:283.39,286.25 1 1
/Users/johnnyl/project/txscript/engine.go:294.4,295.42 2 1
/Users/johnnyl/project/txscript/engine.go:304.4,305.55 2 1
/Users/johnnyl/project/txscript/engine.go:313.4,314.18 2 1
/Users/johnnyl/project/txscript/engine.go:321.4,322.41 2 1
/Users/johnnyl/project/txscript/engine.go:324.11,330.60 2 1
/Users/johnnyl/project/txscript/engine.go:260.25,264.5 2 1
/Users/johnnyl/project/txscript/engine.go:269.18,271.5 1 0
/Users/johnnyl/project/txscript/engine.go:273.18,275.5 1 0
/Users/johnnyl/project/txscript/engine.go:286.25,289.5 1 1
/Users/johnnyl/project/txscript/engine.go:295.42,300.5 2 0
/Users/johnnyl/project/txscript/engine.go:305.55,308.5 1 1
/Users/johnnyl/project/txscript/engine.go:314.18,316.5 1 0
/Users/johnnyl/project/txscript/engine.go:332.8,332.72 1 1
/Users/johnnyl/project/txscript/engine.go:332.72,336.3 2 1
/Users/johnnyl/project/txscript/engine.go:336.8,342.3 1 1
/Users/johnnyl/project/txscript/engine.go:344.34,348.44 1 1
/Users/johnnyl/project/txscript/engine.go:348.44,349.46 1 1
/Users/johnnyl/project/txscript/engine.go:349.46,354.5 2 1
/Users/johnnyl/project/txscript/engine.go:363.46,365.16 2 1
/Users/johnnyl/project/txscript/engine.go:368.2,368.45 1 0
/Users/johnnyl/project/txscript/engine.go:365.16,367.3 1 1
/Users/johnnyl/project/txscript/engine.go:374.57,375.28 1 0
/Users/johnnyl/project/txscript/engine.go:381.2,382.33 2 0
/Users/johnnyl/project/txscript/engine.go:385.2,385.20 1 0
/Users/johnnyl/project/txscript/engine.go:375.28,379.3 2 0
/Users/johnnyl/project/txscript/engine.go:382.33,384.3 1 0
/Users/johnnyl/project/txscript/engine.go:391.63,394.36 1 1
/Users/johnnyl/project/txscript/engine.go:402.2,402.75 1 1
/Users/johnnyl/project/txscript/engine.go:407.2,408.26 1 1
/Users/johnnyl/project/txscript/engine.go:418.2,419.16 2 1
/Users/johnnyl/project/txscript/engine.go:422.2,422.8 1 1
/Users/johnnyl/project/txscript/engine.go:433.2,433.12 1 1
/Users/johnnyl/project/txscript/engine.go:394.36,397.3 1 1
/Users/johnnyl/project/txscript/engine.go:402.75,405.3 1 1
/Users/johnnyl/project/txscript/engine.go:408.26,413.3 2 1
/Users/johnnyl/project/txscript/engine.go:413.8,413.34 1 1
/Users/johnnyl/project/txscript/engine.go:413.34,416.3 1 1
/Users/johnnyl/project/txscript/engine.go:419.16,421.3 1 0
/Users/johnnyl/project/txscript/engine.go:422.8,424.48 1 1
/Users/johnnyl/project/txscript/engine.go:430.3,431.51 1 1
/Users/johnnyl/project/txscript/engine.go:424.48,429.4 3 0
/Users/johnnyl/project/txscript/engine.go:442.49,445.16 2 1
/Users/johnnyl/project/txscript/engine.go:448.2,455.16 4 1
/Users/johnnyl/project/txscript/engine.go:461.2,462.38 2 1
/Users/johnnyl/project/txscript/engine.go:469.2,469.51 1 1
/Users/johnnyl/project/txscript/engine.go:525.2,525.19 1 1
/Users/johnnyl/project/txscript/engine.go:445.16,447.3 1 1
/Users/johnnyl/project/txscript/engine.go:455.16,457.3 1 1
/Users/johnnyl/project/txscript/engine.go:462.38,466.3 2 1
/Users/johnnyl/project/txscript/engine.go:469.51,471.43 1 1
/Users/johnnyl/project/txscript/engine.go:477.3,481.36 4 1
/Users/johnnyl/project/txscript/engine.go:517.3,517.86 1 1
/Users/johnnyl/project/txscript/engine.go:520.3,521.38 2 1
/Users/johnnyl/project/txscript/engine.go:471.43,474.4 1 1
/Users/johnnyl/project/txscript/engine.go:481.36,484.4 2 1
/Users/johnnyl/project/txscript/engine.go:484.9,484.43 1 1
/Users/johnnyl/project/txscript/engine.go:484.43,490.18 3 1
/Users/johnnyl/project/txscript/engine.go:494.4,496.18 3 1
/Users/johnnyl/project/txscript/engine.go:499.4,503.63 2 1
/Users/johnnyl/project/txscript/engine.go:490.18,492.5 1 1
/Users/johnnyl/project/txscript/engine.go:496.18,498.5 1 1
/Users/johnnyl/project/txscript/engine.go:504.9,505.64 1 1
/Users/johnnyl/project/txscript/engine.go:505.64,510.59 3 1
/Users/johnnyl/project/txscript/engine.go:510.59,512.5 1 1
/Users/johnnyl/project/txscript/engine.go:513.9,515.4 1 1
/Users/johnnyl/project/txscript/engine.go:517.86,519.4 1 1
/Users/johnnyl/project/txscript/engine.go:521.38,523.4 1 1
/Users/johnnyl/project/txscript/engine.go:530.41,532.12 2 1
/Users/johnnyl/project/txscript/engine.go:560.2,560.37 1 1
/Users/johnnyl/project/txscript/engine.go:532.12,533.48 1 1
/Users/johnnyl/project/txscript/engine.go:541.3,542.17 2 1
/Users/johnnyl/project/txscript/engine.go:545.3,545.48 1 1
/Users/johnnyl/project/txscript/engine.go:533.48,535.18 2 0
/Users/johnnyl/project/txscript/engine.go:538.4,538.42 1 0
/Users/johnnyl/project/txscript/engine.go:535.18,537.5 1 0
/Users/johnnyl/project/txscript/engine.go:542.17,544.4 1 1
/Users/johnnyl/project/txscript/engine.go:545.48,549.30 2 0
/Users/johnnyl/project/txscript/engine.go:552.4,552.30 1 0
/Users/johnnyl/project/txscript/engine.go:556.4,556.22 1 0
/Users/johnnyl/project/txscript/engine.go:549.30,551.5 1 0
/Users/johnnyl/project/txscript/engine.go:552.30,554.5 1 0
/Users/johnnyl/project/txscript/engine.go:564.46,566.2 1 1
/Users/johnnyl/project/txscript/engine.go:570.69,571.45 1 1
/Users/johnnyl/project/txscript/engine.go:575.2,576.61 2 1
/Users/johnnyl/project/txscript/engine.go:580.2,580.12 1 1
/Users/johnnyl/project/txscript/engine.go:571.45,573.3 1 1
/Users/johnnyl/project/txscript/engine.go:576.61,579.3 2 1
/Users/johnnyl/project/txscript/engine.go:585.60,587.69 1 1
/Users/johnnyl/project/txscript/engine.go:593.2,593.45 1 1
/Users/johnnyl/project/txscript/engine.go:597.2,597.67 1 1
/Users/johnnyl/project/txscript/engine.go:601.2,601.44 1 1
/Users/johnnyl/project/txscript/engine.go:606.2,606.66 1 1
/Users/johnnyl/project/txscript/engine.go:587.69,591.3 2 1
/Users/johnnyl/project/txscript/engine.go:593.45,595.3 1 1
/Users/johnnyl/project/txscript/engine.go:597.67,600.3 1 1
/Users/johnnyl/project/txscript/engine.go:601.44,604.3 1 1
/Users/johnnyl/project/txscript/engine.go:611.60,614.43 1 1
/Users/johnnyl/project/txscript/engine.go:637.2,677.24 3 1
/Users/johnnyl/project/txscript/engine.go:682.2,682.24 1 1
/Users/johnnyl/project/txscript/engine.go:689.2,689.43 1 1
/Users/johnnyl/project/txscript/engine.go:697.2,697.41 1 1
/Users/johnnyl/project/txscript/engine.go:714.2,717.27 4 1
/Users/johnnyl/project/txscript/engine.go:721.2,721.26 1 1
/Users/johnnyl/project/txscript/engine.go:730.2,732.28 3 1
/Users/johnnyl/project/txscript/engine.go:738.2,738.39 1 1
/Users/johnnyl/project/txscript/engine.go:745.2,745.15 1 1
/Users/johnnyl/project/txscript/engine.go:751.2,751.28 1 1
/Users/johnnyl/project/txscript/engine.go:758.2,758.66 1 1
/Users/johnnyl/project/txscript/engine.go:764.2,764.39 1 1
/Users/johnnyl/project/txscript/engine.go:771.2,771.15 1 1
/Users/johnnyl/project/txscript/engine.go:777.2,777.28 1 1
/Users/johnnyl/project/txscript/engine.go:784.2,784.66 1 1
/Users/johnnyl/project/txscript/engine.go:796.2,796.34 1 1
/Users/johnnyl/project/txscript/engine.go:804.2,804.12 1 1
/Users/johnnyl/project/txscript/engine.go:614.43,617.3 1 1
/Users/johnnyl/project/txscript/engine.go:677.24,681.3 2 1
/Users/johnnyl/project/txscript/engine.go:682.24,686.3 2 1
/Users/johnnyl/project/txscript/engine.go:689.43,693.3 2 1
/Users/johnnyl/project/txscript/engine.go:697.41,701.3 2 1
/Users/johnnyl/project/txscript/engine.go:717.27,720.3 2 1
/Users/johnnyl/project/txscript/engine.go:721.26,724.3 2 0
/Users/johnnyl/project/txscript/engine.go:732.28,735.3 2 1
/Users/johnnyl/project/txscript/engine.go:738.39,742.3 2 1
/Users/johnnyl/project/txscript/engine.go:745.15,748.3 2 1
/Users/johnnyl/project/txscript/engine.go:751.28,754.3 2 1
/Users/johnnyl/project/txscript/engine.go:758.66,761.3 2 1
/Users/johnnyl/project/txscript/engine.go:764.39,768.3 2 1
/Users/johnnyl/project/txscript/engine.go:771.15,774.3 2 1
/Users/johnnyl/project/txscript/engine.go:777.28,780.3 2 1
/Users/johnnyl/project/txscript/engine.go:784.66,787.3 2 1
/Users/johnnyl/project/txscript/engine.go:796.34,798.32 2 1
/Users/johnnyl/project/txscript/engine.go:798.32,801.4 1 1
/Users/johnnyl/project/txscript/engine.go:808.38,810.23 2 1
/Users/johnnyl/project/txscript/engine.go:814.2,814.14 1 1
/Users/johnnyl/project/txscript/engine.go:810.23,813.3 1 1
/Users/johnnyl/project/txscript/engine.go:819.44,823.22 2 1
/Users/johnnyl/project/txscript/engine.go:823.22,825.3 1 1
/Users/johnnyl/project/txscript/engine.go:830.39,832.2 1 1
/Users/johnnyl/project/txscript/engine.go:836.43,838.2 1 1
/Users/johnnyl/project/txscript/engine.go:842.42,844.2 1 0
/Users/johnnyl/project/txscript/engine.go:848.46,850.2 1 0
/Users/johnnyl/project/txscript/engine.go:856.82,859.40 1 1
/Users/johnnyl/project/txscript/engine.go:864.2,870.51 2 1
/Users/johnnyl/project/txscript/engine.go:885.2,888.37 2 1
/Users/johnnyl/project/txscript/engine.go:895.2,895.73 1 1
/Users/johnnyl/project/txscript/engine.go:904.2,906.30 3 1
/Users/johnnyl/project/txscript/engine.go:922.2,922.26 1 1
/Users/johnnyl/project/txscript/engine.go:926.2,926.60 1 1
/Users/johnnyl/project/txscript/engine.go:934.2,934.41 1 1
/Users/johnnyl/project/txscript/engine.go:944.2,944.37 1 1
/Users/johnnyl/project/txscript/engine.go:1000.2,1003.17 3 1
/Users/johnnyl/project/txscript/engine.go:859.40,863.3 2 0
/Users/johnnyl/project/txscript/engine.go:870.51,873.3 1 1
/Users/johnnyl/project/txscript/engine.go:888.37,891.3 1 1
/Users/johnnyl/project/txscript/engine.go:895.73,898.3 1 1
/Users/johnnyl/project/txscript/engine.go:906.30,907.31 1 1
/Users/johnnyl/project/txscript/engine.go:912.3,914.17 3 1
/Users/johnnyl/project/txscript/engine.go:907.31,911.4 2 1
/Users/johnnyl/project/txscript/engine.go:914.17,916.4 1 1
/Users/johnnyl/project/txscript/engine.go:922.26,924.3 1 1
/Users/johnnyl/project/txscript/engine.go:926.60,928.33 1 1
/Users/johnnyl/project/txscript/engine.go:932.3,932.18 1 1
/Users/johnnyl/project/txscript/engine.go:928.33,931.4 1 1
/Users/johnnyl/project/txscript/engine.go:934.41,937.3 2 1
/Users/johnnyl/project/txscript/engine.go:944.37,947.31 1 1
/Users/johnnyl/project/txscript/engine.go:952.3,954.10 2 1
/Users/johnnyl/project/txscript/engine.go:981.3,981.24 1 1
/Users/johnnyl/project/txscript/engine.go:947.31,950.4 2 0
/Users/johnnyl/project/txscript/engine.go:955.40,958.27 1 1
/Users/johnnyl/project/txscript/engine.go:964.4,964.29 1 1
/Users/johnnyl/project/txscript/engine.go:965.53,971.39 2 1
/Users/johnnyl/project/txscript/engine.go:958.27,962.5 2 1
/Users/johnnyl/project/txscript/engine.go:971.39,974.5 1 1
/Users/johnnyl/project/txscript/engine.go:974.10,978.5 2 1
/Users/johnnyl/project/txscript/engine.go:981.24,984.18 3 1
/Users/johnnyl/project/txscript/engine.go:984.18,986.5 1 0
/Users/johnnyl/project/txscript/engine.go:987.9,992.68 1 1
/Users/johnnyl/project/txscript/engine.go:992.68,995.5 2 1
/Users/johnnyl/project/txscript/error.go:415.36,416.39 1 1
/Users/johnnyl/project/txscript/error.go:419.2,419.54 1 1
/Users/johnnyl/project/txscript/error.go:416.39,418.3 1 1
/Users/johnnyl/project/txscript/error.go:439.31,441.2 1 1
/Users/johnnyl/project/txscript/error.go:444.50,446.2 1 1
/Users/johnnyl/project/txscript/error.go:450.47,453.2 2 1
/Users/johnnyl/project/txscript/hashcache.go:26.50,32.2 1 1
/Users/johnnyl/project/txscript/hashcache.go:47.44,51.2 1 1
/Users/johnnyl/project/txscript/hashcache.go:55.50,59.2 3 1
/Users/johnnyl/project/txscript/hashcache.go:63.63,69.2 4 1
/Users/johnnyl/project/txscript/hashcache.go:75.77,81.2 4 1
/Users/johnnyl/project/txscript/hashcache.go:85.58,89.2 3 1
/Users/johnnyl/project/txscript/log.go:17.13,19.2 1 1
/Users/johnnyl/project/txscript/log.go:23.19,25.2 1 1
/Users/johnnyl/project/txscript/log.go:28.38,30.2 1 0
/Users/johnnyl/project/txscript/log.go:37.37,39.2 1 0
/Users/johnnyl/project/txscript/log.go:41.48,43.2 1 1
/Users/johnnyl/project/txscript/sign.go:23.41,26.16 2 0
/Users/johnnyl/project/txscript/sign.go:30.2,32.16 2 0
/Users/johnnyl/project/txscript/sign.go:36.2,37.16 2 0
/Users/johnnyl/project/txscript/sign.go:41.2,41.59 1 0
/Users/johnnyl/project/txscript/sign.go:26.16,28.3 1 0
/Users/johnnyl/project/txscript/sign.go:32.16,34.3 1 0
/Users/johnnyl/project/txscript/sign.go:37.16,39.3 1 0
/Users/johnnyl/project/txscript/sign.go:51.41,55.16 2 0
/Users/johnnyl/project/txscript/sign.go:59.2,61.14 3 0
/Users/johnnyl/project/txscript/sign.go:69.2,69.41 1 0
/Users/johnnyl/project/txscript/sign.go:55.16,57.3 1 0
/Users/johnnyl/project/txscript/sign.go:61.14,63.3 1 0
/Users/johnnyl/project/txscript/sign.go:63.8,65.3 1 0
/Users/johnnyl/project/txscript/sign.go:75.63,78.16 2 1
/Users/johnnyl/project/txscript/sign.go:81.2,82.16 2 1
/Users/johnnyl/project/txscript/sign.go:86.2,86.59 1 1
/Users/johnnyl/project/txscript/sign.go:78.16,80.3 1 1
/Users/johnnyl/project/txscript/sign.go:82.16,84.3 1 0
/Users/johnnyl/project/txscript/sign.go:97.145,99.16 2 1
/Users/johnnyl/project/txscript/sign.go:103.2,105.14 3 1
/Users/johnnyl/project/txscript/sign.go:111.2,111.65 1 1
/Users/johnnyl/project/txscript/sign.go:99.16,101.3 1 1
/Users/johnnyl/project/txscript/sign.go:105.14,107.3 1 1
/Users/johnnyl/project/txscript/sign.go:107.8,109.3 1 1
/Users/johnnyl/project/txscript/sign.go:114.134,116.16 2 1
/Users/johnnyl/project/txscript/sign.go:120.2,120.49 1 1
/Users/johnnyl/project/txscript/sign.go:116.16,118.3 1 0
/Users/johnnyl/project/txscript/sign.go:128.72,134.33 3 1
/Users/johnnyl/project/txscript/sign.go:152.2,153.36 2 1
/Users/johnnyl/project/txscript/sign.go:134.33,136.17 2 1
/Users/johnnyl/project/txscript/sign.go:139.3,140.17 2 1
/Users/johnnyl/project/txscript/sign.go:144.3,146.26 3 1
/Users/johnnyl/project/txscript/sign.go:136.17,137.12 1 1
/Users/johnnyl/project/txscript/sign.go:140.17,141.12 1 0
/Users/johnnyl/project/txscript/sign.go:146.26,147.9 1 1
/Users/johnnyl/project/txscript/sign.go:158.46,162.16 2 1
/Users/johnnyl/project/txscript/sign.go:166.2,166.15 1 1
/Users/johnnyl/project/txscript/sign.go:162.16,164.3 1 0
/Users/johnnyl/project/txscript/sign.go:167.16,170.17 2 1
/Users/johnnyl/project/txscript/sign.go:174.3,176.17 2 1
/Users/johnnyl/project/txscript/sign.go:180.3,180.50 1 1
/Users/johnnyl/project/txscript/sign.go:181.20,184.17 2 1
/Users/johnnyl/project/txscript/sign.go:188.3,190.17 2 1
/Users/johnnyl/project/txscript/sign.go:194.3,194.50 1 1
/Users/johnnyl/project/txscript/sign.go:195.20,197.17 2 1
/Users/johnnyl/project/txscript/sign.go:201.3,201.50 1 1
/Users/johnnyl/project/txscript/sign.go:202.18,205.50 2 1
/Users/johnnyl/project/txscript/sign.go:206.18,208.50 1 0
/Users/johnnyl/project/txscript/sign.go:209.10,211.49 1 0
/Users/johnnyl/project/txscript/sign.go:170.17,172.4 1 0
/Users/johnnyl/project/txscript/sign.go:176.17,178.4 1 0
/Users/johnnyl/project/txscript/sign.go:184.17,186.4 1 0
/Users/johnnyl/project/txscript/sign.go:190.17,192.4 1 0
/Users/johnnyl/project/txscript/sign.go:197.17,199.4 1 0
/Users/johnnyl/project/txscript/sign.go:223.54,229.15 1 1
/Users/johnnyl/project/txscript/sign.go:230.20,234.38 2 1
/Users/johnnyl/project/txscript/sign.go:237.3,238.39 2 1
/Users/johnnyl/project/txscript/sign.go:244.3,263.21 10 1
/Users/johnnyl/project/txscript/sign.go:264.18,266.26 1 1
/Users/johnnyl/project/txscript/sign.go:274.10,275.39 1 1
/Users/johnnyl/project/txscript/sign.go:278.3,278.20 1 1
/Users/johnnyl/project/txscript/sign.go:234.38,236.4 1 0
/Users/johnnyl/project/txscript/sign.go:238.39,240.4 1 1
/Users/johnnyl/project/txscript/sign.go:275.39,277.4 1 1
/Users/johnnyl/project/txscript/sign.go:289.64,297.37 3 1
/Users/johnnyl/project/txscript/sign.go:301.2,302.38 2 1
/Users/johnnyl/project/txscript/sign.go:307.2,307.67 1 1
/Users/johnnyl/project/txscript/sign.go:316.2,327.35 5 1
/Users/johnnyl/project/txscript/sign.go:373.2,376.33 3 1
/Users/johnnyl/project/txscript/sign.go:389.2,389.40 1 1
/Users/johnnyl/project/txscript/sign.go:393.2,394.15 2 1
/Users/johnnyl/project/txscript/sign.go:297.37,299.3 1 0
/Users/johnnyl/project/txscript/sign.go:302.38,304.3 1 0
/Users/johnnyl/project/txscript/sign.go:307.67,308.28 1 1
/Users/johnnyl/project/txscript/sign.go:313.3,313.14 1 1
/Users/johnnyl/project/txscript/sign.go:308.28,309.26 1 1
/Users/johnnyl/project/txscript/sign.go:309.26,311.5 1 1
/Users/johnnyl/project/txscript/sign.go:327.35,332.19 1 1
/Users/johnnyl/project/txscript/sign.go:335.3,339.17 4 1
/Users/johnnyl/project/txscript/sign.go:348.3,350.34 2 1
/Users/johnnyl/project/txscript/sign.go:332.19,333.12 1 0
/Users/johnnyl/project/txscript/sign.go:339.17,340.12 1 1
/Users/johnnyl/project/txscript/sign.go:350.34,361.33 3 1
/Users/johnnyl/project/txscript/sign.go:361.33,363.38 2 1
/Users/johnnyl/project/txscript/sign.go:366.5,366.21 1 1
/Users/johnnyl/project/txscript/sign.go:363.38,365.6 1 1
/Users/johnnyl/project/txscript/sign.go:376.33,378.10 2 1
/Users/johnnyl/project/txscript/sign.go:381.3,383.28 3 1
/Users/johnnyl/project/txscript/sign.go:378.10,379.12 1 0
/Users/johnnyl/project/txscript/sign.go:383.28,384.9 1 1
/Users/johnnyl/project/txscript/sign.go:389.40,391.3 1 0
/Users/johnnyl/project/txscript/sign.go:408.15,410.2 1 1
/Users/johnnyl/project/txscript/sign.go:422.76,424.2 1 1
/Users/johnnyl/project/txscript/sign.go:435.41,439.16 2 1
/Users/johnnyl/project/txscript/sign.go:443.2,443.27 1 1
/Users/johnnyl/project/txscript/sign.go:461.2,463.26 2 1
/Users/johnnyl/project/txscript/sign.go:439.16,441.3 1 0
/Users/johnnyl/project/txscript/sign.go:443.27,447.17 2 1
/Users/johnnyl/project/txscript/sign.go:452.3,456.34 4 1
/Users/johnnyl/project/txscript/sign.go:447.17,449.4 1 0
/Users/johnnyl/project/txscript/stack.go:13.28,14.19 1 1
/Users/johnnyl/project/txscript/stack.go:23.2,23.14 1 1
/Users/johnnyl/project/txscript/stack.go:14.19,15.16 1 1
/Users/johnnyl/project/txscript/stack.go:15.16,17.37 1 1
/Users/johnnyl/project/txscript/stack.go:20.4,20.15 1 1
/Users/johnnyl/project/txscript/stack.go:17.37,19.5 1 1
/Users/johnnyl/project/txscript/stack.go:27.30,28.7 1 1
/Users/johnnyl/project/txscript/stack.go:31.2,31.12 1 1
/Users/johnnyl/project/txscript/stack.go:28.7,30.3 1 1
/Users/johnnyl/project/txscript/stack.go:44.31,46.2 1 1
/Users/johnnyl/project/txscript/stack.go:51.42,53.2 1 1
/Users/johnnyl/project/txscript/stack.go:59.40,61.2 1 1
/Users/johnnyl/project/txscript/stack.go:67.36,69.2 1 1
/Users/johnnyl/project/txscript/stack.go:74.48,76.2 1 1
/Users/johnnyl/project/txscript/stack.go:83.45,85.16 2 1
/Users/johnnyl/project/txscript/stack.go:89.2,89.68 1 1
/Users/johnnyl/project/txscript/stack.go:85.16,87.3 1 1
/Users/johnnyl/project/txscript/stack.go:96.41,98.16 2 1
/Users/johnnyl/project/txscript/stack.go:102.2,102.24 1 1
/Users/johnnyl/project/txscript/stack.go:98.16,100.3 1 1
/Users/johnnyl/project/txscript/stack.go:106.58,108.26 2 1
/Users/johnnyl/project/txscript/stack.go:114.2,114.29 1 1
/Users/johnnyl/project/txscript/stack.go:108.26,112.3 2 1
/Users/johnnyl/project/txscript/stack.go:120.55,122.16 2 1
/Users/johnnyl/project/txscript/stack.go:126.2,126.68 1 1
/Users/johnnyl/project/txscript/stack.go:122.16,124.3 1 1
/Users/johnnyl/project/txscript/stack.go:130.51,132.16 2 1
/Users/johnnyl/project/txscript/stack.go:136.2,136.24 1 1
/Users/johnnyl/project/txscript/stack.go:132.16,134.3 1 1
/Users/johnnyl/project/txscript/stack.go:146.49,148.27 2 1
/Users/johnnyl/project/txscript/stack.go:154.2,155.14 2 1
/Users/johnnyl/project/txscript/stack.go:166.2,166.16 1 1
/Users/johnnyl/project/txscript/stack.go:148.27,152.3 2 1
/Users/johnnyl/project/txscript/stack.go:155.14,157.3 1 1
/Users/johnnyl/project/txscript/stack.go:157.8,157.24 1 1
/Users/johnnyl/project/txscript/stack.go:157.24,161.3 3 1
/Users/johnnyl/project/txscript/stack.go:161.8,165.3 3 1
/Users/johnnyl/project/txscript/stack.go:175.39,178.2 2 1
/Users/johnnyl/project/txscript/stack.go:184.30,186.16 2 1
/Users/johnnyl/project/txscript/stack.go:189.2,190.16 2 1
/Users/johnnyl/project/txscript/stack.go:193.2,197.12 4 1
/Users/johnnyl/project/txscript/stack.go:186.16,188.3 1 1
/Users/johnnyl/project/txscript/stack.go:190.16,192.3 1 1
/Users/johnnyl/project/txscript/stack.go:205.38,206.11 1 1
/Users/johnnyl/project/txscript/stack.go:211.2,211.19 1 1
/Users/johnnyl/project/txscript/stack.go:217.2,217.12 1 1
/Users/johnnyl/project/txscript/stack.go:206.11,209.3 2 1
/Users/johnnyl/project/txscript/stack.go:211.19,213.17 2 1
/Users/johnnyl/project/txscript/stack.go:213.17,215.4 1 1
/Users/johnnyl/project/txscript/stack.go:225.37,226.11 1 1
/Users/johnnyl/project/txscript/stack.go:233.2,233.25 1 1
/Users/johnnyl/project/txscript/stack.go:240.2,240.12 1 1
/Users/johnnyl/project/txscript/stack.go:226.11,229.3 2 1
/Users/johnnyl/project/txscript/stack.go:233.25,235.17 2 1
/Users/johnnyl/project/txscript/stack.go:238.3,238.22 1 1
/Users/johnnyl/project/txscript/stack.go:235.17,237.4 1 1
/Users/johnnyl/project/txscript/stack.go:248.37,249.11 1 1
/Users/johnnyl/project/txscript/stack.go:256.2,257.25 2 1
/Users/johnnyl/project/txscript/stack.go:265.2,265.12 1 1
/Users/johnnyl/project/txscript/stack.go:249.11,252.3 2 1
/Users/johnnyl/project/txscript/stack.go:257.25,259.17 2 1
/Users/johnnyl/project/txscript/stack.go:263.3,263.22 1 1
/Users/johnnyl/project/txscript/stack.go:259.17,261.4 1 1
/Users/johnnyl/project/txscript/stack.go:273.38,274.11 1 1
/Users/johnnyl/project/txscript/stack.go:279.2,280.25 2 1
/Users/johnnyl/project/txscript/stack.go:289.2,289.12 1 1
/Users/johnnyl/project/txscript/stack.go:274.11,277.3 2 1
/Users/johnnyl/project/txscript/stack.go:280.25,283.17 2 1
/Users/johnnyl/project/txscript/stack.go:287.3,287.22 1 1
/Users/johnnyl/project/txscript/stack.go:283.17,285.4 1 1
/Users/johnnyl/project/txscript/stack.go:297.38,298.11 1 1
/Users/johnnyl/project/txscript/stack.go:305.2,306.19 2 1
/Users/johnnyl/project/txscript/stack.go:314.2,314.12 1 1
/Users/johnnyl/project/txscript/stack.go:298.11,302.3 2 1
/Users/johnnyl/project/txscript/stack.go:306.19,308.17 2 1
/Users/johnnyl/project/txscript/stack.go:311.3,311.22 1 1
/Users/johnnyl/project/txscript/stack.go:308.17,310.4 1 1
/Users/johnnyl/project/txscript/stack.go:323.38,325.16 2 1
/Users/johnnyl/project/txscript/stack.go:328.2,330.12 2 1
/Users/johnnyl/project/txscript/stack.go:325.16,327.3 1 1
/Users/johnnyl/project/txscript/stack.go:339.38,341.16 2 1
/Users/johnnyl/project/txscript/stack.go:345.2,347.12 2 1
/Users/johnnyl/project/txscript/stack.go:341.16,343.3 1 1
/Users/johnnyl/project/txscript/stack.go:351.33,353.30 2 0
/Users/johnnyl/project/txscript/stack.go:360.2,360.15 1 0
/Users/johnnyl/project/txscript/stack.go:353.30,354.22 1 0
/Users/johnnyl/project/txscript/stack.go:357.3,357.28 1 0
/Users/johnnyl/project/txscript/stack.go:354.22,356.4 1 0
